#
# A fatal error has been detected by the Java Runtime Environment:
#
#  Internal Error (t:/workspace/open/src/hotspot/share/opto/output.cpp:708), pid=5048, tid=9112
#  Error: ShouldNotReachHere()
#
# JRE version: Java(TM) SE Runtime Environment (12.0.2+10) (build 12.0.2+10)
# Java VM: Java HotSpot(TM) 64-Bit Server VM (12.0.2+10, mixed mode, sharing, tiered, compressed oops, g1 gc, windows-amd64)
# No core dump will be written. Minidumps are not enabled by default on client versions of Windows
#
# If you would like to submit a bug report, please visit:
#   http://bugreport.java.com/bugreport/crash.jsp
#

---------------  S U M M A R Y ------------

Command Line: -Dfile.encoding=UTF-8 MyProject.Introduction

Host: Intel(R) Core(TM) i5-6400T CPU @ 2.20GHz, 4 cores, 7G,  Windows 10 , 64 bit Build 19041 (10.0.19041.804)
Time: Sat Mar 13 14:57:18 2021 Bangladesh Standard Time elapsed time: 5 seconds (0d 0h 0m 5s)

---------------  T H R E A D  ---------------

Current thread (0x000002726a595800):  JavaThread "C2 CompilerThread0" daemon [_thread_in_native, id=9112, stack(0x000000a5ff500000,0x000000a5ff600000)]


Current CompileTask:
C2:   5895 2311       4       sun.java2d.marlin.DRenderer::_endRendering (2480 bytes)

Stack: [0x000000a5ff500000,0x000000a5ff600000]
Native frames: (J=compiled Java code, j=interpreted, Vv=VM code, C=native code)
V  [jvm.dll+0x63aa2a]
V  [jvm.dll+0x78ce1e]
V  [jvm.dll+0x78e4c1]
V  [jvm.dll+0x78eac7]
V  [jvm.dll+0x26273c]
V  [jvm.dll+0x2626a3]
V  [jvm.dll+0x63f7e4]
V  [jvm.dll+0x64013a]
V  [jvm.dll+0x64169a]
V  [jvm.dll+0x63fec4]
V  [jvm.dll+0x21c562]
V  [jvm.dll+0x21b3da]
V  [jvm.dll+0x199a20]
V  [jvm.dll+0x22a744]
V  [jvm.dll+0x228d98]
V  [jvm.dll+0x7512a0]
V  [jvm.dll+0x74a2c8]
V  [jvm.dll+0x639b16]
C  [ucrtbase.dll+0x21bb2]
C  [KERNEL32.DLL+0x17034]
C  [ntdll.dll+0x4d241]


---------------  P R O C E S S  ---------------

Threads class SMR info:
_java_thread_list=0x000002726c271070, length=18, elements={
0x000002726a57c800, 0x000002726a57d800, 0x000002726a592000, 0x000002726a593000,
0x000002726a595800, 0x000002726a59d800, 0x000002726a5a7000, 0x000002726b00b800,
0x000002726b012000, 0x000002726b28e000, 0x000002726b286000, 0x000002726b287000,
0x000002726be82800, 0x000002724ba42800, 0x000002726b063800, 0x000002726bf1d000,
0x000002726c487000, 0x000002726c18a000
}

Java Threads: ( => current thread )
  0x000002726a57c800 JavaThread "Reference Handler" daemon [_thread_blocked, id=4768, stack(0x000000a5ff100000,0x000000a5ff200000)]
  0x000002726a57d800 JavaThread "Finalizer" daemon [_thread_blocked, id=8224, stack(0x000000a5ff200000,0x000000a5ff300000)]
  0x000002726a592000 JavaThread "Signal Dispatcher" daemon [_thread_blocked, id=7432, stack(0x000000a5ff300000,0x000000a5ff400000)]
  0x000002726a593000 JavaThread "Attach Listener" daemon [_thread_blocked, id=5800, stack(0x000000a5ff400000,0x000000a5ff500000)]
=>0x000002726a595800 JavaThread "C2 CompilerThread0" daemon [_thread_in_native, id=9112, stack(0x000000a5ff500000,0x000000a5ff600000)]
  0x000002726a59d800 JavaThread "C1 CompilerThread0" daemon [_thread_blocked, id=6180, stack(0x000000a5ff600000,0x000000a5ff700000)]
  0x000002726a5a7000 JavaThread "Sweeper thread" daemon [_thread_blocked, id=4464, stack(0x000000a5ff700000,0x000000a5ff800000)]
  0x000002726b00b800 JavaThread "Service Thread" daemon [_thread_blocked, id=6908, stack(0x000000a5ff800000,0x000000a5ff900000)]
  0x000002726b012000 JavaThread "Common-Cleaner" daemon [_thread_blocked, id=7756, stack(0x000000a5ffa00000,0x000000a5ffb00000)]
  0x000002726b28e000 JavaThread "Java2D Disposer" daemon [_thread_blocked, id=1504, stack(0x000000a5ffb00000,0x000000a5ffc00000)]
  0x000002726b286000 JavaThread "AWT-Shutdown" [_thread_blocked, id=5432, stack(0x000000a5ffc00000,0x000000a5ffd00000)]
  0x000002726b287000 JavaThread "AWT-Windows" daemon [_thread_in_native, id=6548, stack(0x000000a5ffd00000,0x000000a5ffe00000)]
  0x000002726be82800 JavaThread "AWT-EventQueue-0" [_thread_blocked, id=6544, stack(0x000000a5ffe00000,0x000000a5fff00000)]
  0x000002724ba42800 JavaThread "DestroyJavaVM" [_thread_blocked, id=5528, stack(0x000000a5fea00000,0x000000a5feb00000)]
  0x000002726b063800 JavaThread "Image Fetcher 0" daemon [_thread_blocked, id=8736, stack(0x000000a5fff00000,0x000000a600000000)]
  0x000002726bf1d000 JavaThread "TimerQueue" daemon [_thread_blocked, id=3008, stack(0x000000a580500000,0x000000a580600000)]
  0x000002726c487000 JavaThread "mysql-cj-abandoned-connection-cleanup" daemon [_thread_blocked, id=2208, stack(0x000000a580900000,0x000000a580a00000)]
  0x000002726c18a000 JavaThread "C2 CompilerThread1" daemon [_thread_blocked, id=2196, stack(0x000000a580a00000,0x000000a580b00000)]

Other Threads:
  0x000002726a577800 VMThread "VM Thread" [stack: 0x000000a5ff000000,0x000000a5ff100000] [id=5072]
  0x000002726b00d000 WatcherThread [stack: 0x000000a5ff900000,0x000000a5ffa00000] [id=4064]
  0x000002724ba82800 GCTaskThread "GC Thread#0" [stack: 0x000000a5feb00000,0x000000a5fec00000] [id=6056]
  0x000002726c24d800 GCTaskThread "GC Thread#1" [stack: 0x000000a580000000,0x000000a580100000] [id=6468]
  0x000002726c139800 GCTaskThread "GC Thread#2" [stack: 0x000000a580100000,0x000000a580200000] [id=6528]
  0x000002726c13a000 GCTaskThread "GC Thread#3" [stack: 0x000000a580200000,0x000000a580300000] [id=6552]
  0x000002724ba90000 ConcurrentGCThread "G1 Main Marker" [stack: 0x000000a5fec00000,0x000000a5fed00000] [id=6752]
  0x000002724ba93000 ConcurrentGCThread "G1 Conc#0" [stack: 0x000000a5fed00000,0x000000a5fee00000] [id=6876]
  0x000002724bb22800 ConcurrentGCThread "G1 Refine#0" [stack: 0x000000a5fee00000,0x000000a5fef00000] [id=6604]
  0x000002726b245000 ConcurrentGCThread "G1 Refine#1" [stack: 0x000000a580300000,0x000000a580400000] [id=4108]
  0x000002726b2a8000 ConcurrentGCThread "G1 Refine#2" [stack: 0x000000a580400000,0x000000a580500000] [id=6192]
  0x000002724bb23800 ConcurrentGCThread "G1 Young RemSet Sampling" [stack: 0x000000a5fef00000,0x000000a5ff000000] [id=744]

Threads with active compile tasks:
C2 CompilerThread0  2311       4       sun.java2d.marlin.DRenderer::_endRendering (2480 bytes)

VM state:not at safepoint (normal execution)

VM Mutex/Monitor currently owned by a thread: None

Heap address: 0x0000000082000000, size: 2016 MB, Compressed Oops mode: 32-bit
Narrow klass base: 0x0000000800000000, Narrow klass shift: 3
Compressed class space size: 1073741824 Address: 0x0000000801190000

Heap:
 garbage-first heap   total 129024K, used 34508K [0x0000000082000000, 0x0000000100000000)
  region size 1024K, 20 young (20480K), 1 survivors (1024K)
 Metaspace       used 17439K, capacity 17913K, committed 18176K, reserved 1064960K
  class space    used 2064K, capacity 2273K, committed 2304K, reserved 1048576K
Heap Regions: E=young(eden), S=young(survivor), O=old, HS=humongous(starts), HC=humongous(continues), CS=collection set, F=free, A=archive, TAMS=top-at-mark-start (previous, next)
|   0|0x0000000082000000, 0x0000000082100000, 0x0000000082100000|100%|HS|  |TAMS 0x0000000082000000, 0x0000000082000000| Complete 
|   1|0x0000000082100000, 0x0000000082200000, 0x0000000082200000|100%|HC|  |TAMS 0x0000000082100000, 0x0000000082100000| Complete 
|   2|0x0000000082200000, 0x0000000082300000, 0x0000000082300000|100%|HC|  |TAMS 0x0000000082200000, 0x0000000082200000| Complete 
|   3|0x0000000082300000, 0x0000000082400000, 0x0000000082400000|100%|HC|  |TAMS 0x0000000082300000, 0x0000000082300000| Complete 
|   4|0x0000000082400000, 0x0000000082500000, 0x0000000082500000|100%|HS|  |TAMS 0x0000000082400000, 0x0000000082400000| Complete 
|   5|0x0000000082500000, 0x0000000082600000, 0x0000000082600000|100%|HC|  |TAMS 0x0000000082500000, 0x0000000082500000| Complete 
|   6|0x0000000082600000, 0x0000000082700000, 0x0000000082700000|100%|HC|  |TAMS 0x0000000082600000, 0x0000000082600000| Complete 
|   7|0x0000000082700000, 0x0000000082800000, 0x0000000082800000|100%|HC|  |TAMS 0x0000000082700000, 0x0000000082700000| Complete 
|   8|0x0000000082800000, 0x0000000082900000, 0x0000000082900000|100%| O|  |TAMS 0x0000000082800000, 0x0000000082800000| Untracked 
|   9|0x0000000082900000, 0x0000000082a00000, 0x0000000082a00000|100%| O|  |TAMS 0x0000000082900000, 0x0000000082900000| Untracked 
|  10|0x0000000082a00000, 0x0000000082b00000, 0x0000000082b00000|100%| O|  |TAMS 0x0000000082a00000, 0x0000000082a00000| Untracked 
|  11|0x0000000082b00000, 0x0000000082c00000, 0x0000000082c00000|100%|HS|  |TAMS 0x0000000082b00000, 0x0000000082b00000| Complete 
|  12|0x0000000082c00000, 0x0000000082d00000, 0x0000000082d00000|100%|HC|  |TAMS 0x0000000082c00000, 0x0000000082c00000| Complete 
|  13|0x0000000082d00000, 0x0000000082e00000, 0x0000000082e00000|100%|HC|  |TAMS 0x0000000082d00000, 0x0000000082d00000| Complete 
|  14|0x0000000082e00000, 0x0000000082f00000, 0x0000000082f00000|100%|HC|  |TAMS 0x0000000082e00000, 0x0000000082e00000| Complete 
|  15|0x0000000082f00000, 0x0000000083000000, 0x0000000083000000|100%| O|  |TAMS 0x0000000082f00000, 0x0000000082f00000| Untracked 
|  16|0x0000000083000000, 0x0000000083055800, 0x0000000083100000| 33%| O|  |TAMS 0x0000000083000000, 0x0000000083000000| Untracked 
|  17|0x0000000083100000, 0x0000000083100000, 0x0000000083200000|  0%| F|  |TAMS 0x0000000083100000, 0x0000000083100000| Untracked 
|  18|0x0000000083200000, 0x0000000083200000, 0x0000000083300000|  0%| F|  |TAMS 0x0000000083200000, 0x0000000083200000| Untracked 
|  19|0x0000000083300000, 0x0000000083300000, 0x0000000083400000|  0%| F|  |TAMS 0x0000000083300000, 0x0000000083300000| Untracked 
|  20|0x0000000083400000, 0x0000000083400000, 0x0000000083500000|  0%| F|  |TAMS 0x0000000083400000, 0x0000000083400000| Untracked 
|  21|0x0000000083500000, 0x0000000083500000, 0x0000000083600000|  0%| F|  |TAMS 0x0000000083500000, 0x0000000083500000| Untracked 
|  22|0x0000000083600000, 0x0000000083600000, 0x0000000083700000|  0%| F|  |TAMS 0x0000000083600000, 0x0000000083600000| Untracked 
|  23|0x0000000083700000, 0x0000000083700000, 0x0000000083800000|  0%| F|  |TAMS 0x0000000083700000, 0x0000000083700000| Untracked 
|  24|0x0000000083800000, 0x0000000083800000, 0x0000000083900000|  0%| F|  |TAMS 0x0000000083800000, 0x0000000083800000| Untracked 
|  25|0x0000000083900000, 0x0000000083900000, 0x0000000083a00000|  0%| F|  |TAMS 0x0000000083900000, 0x0000000083900000| Untracked 
|  26|0x0000000083a00000, 0x0000000083a00000, 0x0000000083b00000|  0%| F|  |TAMS 0x0000000083a00000, 0x0000000083a00000| Untracked 
|  27|0x0000000083b00000, 0x0000000083b00000, 0x0000000083c00000|  0%| F|  |TAMS 0x0000000083b00000, 0x0000000083b00000| Untracked 
|  28|0x0000000083c00000, 0x0000000083c00000, 0x0000000083d00000|  0%| F|  |TAMS 0x0000000083c00000, 0x0000000083c00000| Untracked 
|  29|0x0000000083d00000, 0x0000000083d00000, 0x0000000083e00000|  0%| F|  |TAMS 0x0000000083d00000, 0x0000000083d00000| Untracked 
|  30|0x0000000083e00000, 0x0000000083e00000, 0x0000000083f00000|  0%| F|  |TAMS 0x0000000083e00000, 0x0000000083e00000| Untracked 
|  31|0x0000000083f00000, 0x0000000083f00000, 0x0000000084000000|  0%| F|  |TAMS 0x0000000083f00000, 0x0000000083f00000| Untracked 
|  32|0x0000000084000000, 0x0000000084000000, 0x0000000084100000|  0%| F|  |TAMS 0x0000000084000000, 0x0000000084000000| Untracked 
|  33|0x0000000084100000, 0x0000000084100000, 0x0000000084200000|  0%| F|  |TAMS 0x0000000084100000, 0x0000000084100000| Untracked 
|  34|0x0000000084200000, 0x0000000084200000, 0x0000000084300000|  0%| F|  |TAMS 0x0000000084200000, 0x0000000084200000| Untracked 
|  35|0x0000000084300000, 0x0000000084300000, 0x0000000084400000|  0%| F|  |TAMS 0x0000000084300000, 0x0000000084300000| Untracked 
|  36|0x0000000084400000, 0x0000000084400000, 0x0000000084500000|  0%| F|  |TAMS 0x0000000084400000, 0x0000000084400000| Untracked 
|  37|0x0000000084500000, 0x0000000084500000, 0x0000000084600000|  0%| F|  |TAMS 0x0000000084500000, 0x0000000084500000| Untracked 
|  38|0x0000000084600000, 0x0000000084600000, 0x0000000084700000|  0%| F|  |TAMS 0x0000000084600000, 0x0000000084600000| Untracked 
|  39|0x0000000084700000, 0x0000000084700000, 0x0000000084800000|  0%| F|  |TAMS 0x0000000084700000, 0x0000000084700000| Untracked 
|  40|0x0000000084800000, 0x0000000084800000, 0x0000000084900000|  0%| F|  |TAMS 0x0000000084800000, 0x0000000084800000| Untracked 
|  41|0x0000000084900000, 0x0000000084900000, 0x0000000084a00000|  0%| F|  |TAMS 0x0000000084900000, 0x0000000084900000| Untracked 
|  42|0x0000000084a00000, 0x0000000084a00000, 0x0000000084b00000|  0%| F|  |TAMS 0x0000000084a00000, 0x0000000084a00000| Untracked 
|  43|0x0000000084b00000, 0x0000000084b00000, 0x0000000084c00000|  0%| F|  |TAMS 0x0000000084b00000, 0x0000000084b00000| Untracked 
|  44|0x0000000084c00000, 0x0000000084c00000, 0x0000000084d00000|  0%| F|  |TAMS 0x0000000084c00000, 0x0000000084c00000| Untracked 
|  45|0x0000000084d00000, 0x0000000084d00000, 0x0000000084e00000|  0%| F|  |TAMS 0x0000000084d00000, 0x0000000084d00000| Untracked 
|  46|0x0000000084e00000, 0x0000000084e00000, 0x0000000084f00000|  0%| F|  |TAMS 0x0000000084e00000, 0x0000000084e00000| Untracked 
|  47|0x0000000084f00000, 0x0000000084f00000, 0x0000000085000000|  0%| F|  |TAMS 0x0000000084f00000, 0x0000000084f00000| Untracked 
|  48|0x0000000085000000, 0x0000000085000000, 0x0000000085100000|  0%| F|  |TAMS 0x0000000085000000, 0x0000000085000000| Untracked 
|  49|0x0000000085100000, 0x0000000085100000, 0x0000000085200000|  0%| F|  |TAMS 0x0000000085100000, 0x0000000085100000| Untracked 
|  50|0x0000000085200000, 0x0000000085200000, 0x0000000085300000|  0%| F|  |TAMS 0x0000000085200000, 0x0000000085200000| Untracked 
|  51|0x0000000085300000, 0x0000000085300000, 0x0000000085400000|  0%| F|  |TAMS 0x0000000085300000, 0x0000000085300000| Untracked 
|  52|0x0000000085400000, 0x0000000085400000, 0x0000000085500000|  0%| F|  |TAMS 0x0000000085400000, 0x0000000085400000| Untracked 
|  53|0x0000000085500000, 0x0000000085500000, 0x0000000085600000|  0%| F|  |TAMS 0x0000000085500000, 0x0000000085500000| Untracked 
|  54|0x0000000085600000, 0x0000000085600000, 0x0000000085700000|  0%| F|  |TAMS 0x0000000085600000, 0x0000000085600000| Untracked 
|  55|0x0000000085700000, 0x0000000085700000, 0x0000000085800000|  0%| F|  |TAMS 0x0000000085700000, 0x0000000085700000| Untracked 
|  56|0x0000000085800000, 0x0000000085800000, 0x0000000085900000|  0%| F|  |TAMS 0x0000000085800000, 0x0000000085800000| Untracked 
|  57|0x0000000085900000, 0x0000000085900000, 0x0000000085a00000|  0%| F|  |TAMS 0x0000000085900000, 0x0000000085900000| Untracked 
|  58|0x0000000085a00000, 0x0000000085a00000, 0x0000000085b00000|  0%| F|  |TAMS 0x0000000085a00000, 0x0000000085a00000| Untracked 
|  59|0x0000000085b00000, 0x0000000085b00000, 0x0000000085c00000|  0%| F|  |TAMS 0x0000000085b00000, 0x0000000085b00000| Untracked 
|  60|0x0000000085c00000, 0x0000000085c00000, 0x0000000085d00000|  0%| F|  |TAMS 0x0000000085c00000, 0x0000000085c00000| Untracked 
|  61|0x0000000085d00000, 0x0000000085d00000, 0x0000000085e00000|  0%| F|  |TAMS 0x0000000085d00000, 0x0000000085d00000| Untracked 
|  62|0x0000000085e00000, 0x0000000085e00000, 0x0000000085f00000|  0%| F|  |TAMS 0x0000000085e00000, 0x0000000085e00000| Untracked 
|  63|0x0000000085f00000, 0x0000000085f00000, 0x0000000086000000|  0%| F|  |TAMS 0x0000000085f00000, 0x0000000085f00000| Untracked 
|  64|0x0000000086000000, 0x0000000086000000, 0x0000000086100000|  0%| F|  |TAMS 0x0000000086000000, 0x0000000086000000| Untracked 
|  65|0x0000000086100000, 0x0000000086100000, 0x0000000086200000|  0%| F|  |TAMS 0x0000000086100000, 0x0000000086100000| Untracked 
|  66|0x0000000086200000, 0x0000000086200000, 0x0000000086300000|  0%| F|  |TAMS 0x0000000086200000, 0x0000000086200000| Untracked 
|  67|0x0000000086300000, 0x0000000086300000, 0x0000000086400000|  0%| F|  |TAMS 0x0000000086300000, 0x0000000086300000| Untracked 
|  68|0x0000000086400000, 0x0000000086400000, 0x0000000086500000|  0%| F|  |TAMS 0x0000000086400000, 0x0000000086400000| Untracked 
|  69|0x0000000086500000, 0x0000000086500000, 0x0000000086600000|  0%| F|  |TAMS 0x0000000086500000, 0x0000000086500000| Untracked 
|  70|0x0000000086600000, 0x0000000086600000, 0x0000000086700000|  0%| F|  |TAMS 0x0000000086600000, 0x0000000086600000| Untracked 
|  71|0x0000000086700000, 0x0000000086700000, 0x0000000086800000|  0%| F|  |TAMS 0x0000000086700000, 0x0000000086700000| Untracked 
|  72|0x0000000086800000, 0x0000000086800000, 0x0000000086900000|  0%| F|  |TAMS 0x0000000086800000, 0x0000000086800000| Untracked 
|  73|0x0000000086900000, 0x0000000086900000, 0x0000000086a00000|  0%| F|  |TAMS 0x0000000086900000, 0x0000000086900000| Untracked 
|  74|0x0000000086a00000, 0x0000000086a00000, 0x0000000086b00000|  0%| F|  |TAMS 0x0000000086a00000, 0x0000000086a00000| Untracked 
|  75|0x0000000086b00000, 0x0000000086b00000, 0x0000000086c00000|  0%| F|  |TAMS 0x0000000086b00000, 0x0000000086b00000| Untracked 
|  76|0x0000000086c00000, 0x0000000086c00000, 0x0000000086d00000|  0%| F|  |TAMS 0x0000000086c00000, 0x0000000086c00000| Untracked 
|  77|0x0000000086d00000, 0x0000000086d00000, 0x0000000086e00000|  0%| F|  |TAMS 0x0000000086d00000, 0x0000000086d00000| Untracked 
|  78|0x0000000086e00000, 0x0000000086e00000, 0x0000000086f00000|  0%| F|  |TAMS 0x0000000086e00000, 0x0000000086e00000| Untracked 
|  79|0x0000000086f00000, 0x0000000086f00000, 0x0000000087000000|  0%| F|  |TAMS 0x0000000086f00000, 0x0000000086f00000| Untracked 
|  80|0x0000000087000000, 0x0000000087000000, 0x0000000087100000|  0%| F|  |TAMS 0x0000000087000000, 0x0000000087000000| Untracked 
|  81|0x0000000087100000, 0x0000000087100000, 0x0000000087200000|  0%| F|  |TAMS 0x0000000087100000, 0x0000000087100000| Untracked 
|  82|0x0000000087200000, 0x0000000087200000, 0x0000000087300000|  0%| F|  |TAMS 0x0000000087200000, 0x0000000087200000| Untracked 
|  83|0x0000000087300000, 0x0000000087300000, 0x0000000087400000|  0%| F|  |TAMS 0x0000000087300000, 0x0000000087300000| Untracked 
|  84|0x0000000087400000, 0x0000000087400000, 0x0000000087500000|  0%| F|  |TAMS 0x0000000087400000, 0x0000000087400000| Untracked 
|  85|0x0000000087500000, 0x0000000087500000, 0x0000000087600000|  0%| F|  |TAMS 0x0000000087500000, 0x0000000087500000| Untracked 
|  86|0x0000000087600000, 0x0000000087600000, 0x0000000087700000|  0%| F|  |TAMS 0x0000000087600000, 0x0000000087600000| Untracked 
|  87|0x0000000087700000, 0x0000000087700000, 0x0000000087800000|  0%| F|  |TAMS 0x0000000087700000, 0x0000000087700000| Untracked 
|  88|0x0000000087800000, 0x0000000087800000, 0x0000000087900000|  0%| F|  |TAMS 0x0000000087800000, 0x0000000087800000| Untracked 
|  89|0x0000000087900000, 0x0000000087900000, 0x0000000087a00000|  0%| F|  |TAMS 0x0000000087900000, 0x0000000087900000| Untracked 
|  90|0x0000000087a00000, 0x0000000087a00000, 0x0000000087b00000|  0%| F|  |TAMS 0x0000000087a00000, 0x0000000087a00000| Untracked 
|  91|0x0000000087b00000, 0x0000000087b00000, 0x0000000087c00000|  0%| F|  |TAMS 0x0000000087b00000, 0x0000000087b00000| Untracked 
|  92|0x0000000087c00000, 0x0000000087c00000, 0x0000000087d00000|  0%| F|  |TAMS 0x0000000087c00000, 0x0000000087c00000| Untracked 
|  93|0x0000000087d00000, 0x0000000087d00000, 0x0000000087e00000|  0%| F|  |TAMS 0x0000000087d00000, 0x0000000087d00000| Untracked 
|  94|0x0000000087e00000, 0x0000000087e00000, 0x0000000087f00000|  0%| F|  |TAMS 0x0000000087e00000, 0x0000000087e00000| Untracked 
|  95|0x0000000087f00000, 0x0000000087f00000, 0x0000000088000000|  0%| F|  |TAMS 0x0000000087f00000, 0x0000000087f00000| Untracked 
|  96|0x0000000088000000, 0x0000000088000000, 0x0000000088100000|  0%| F|  |TAMS 0x0000000088000000, 0x0000000088000000| Untracked 
|  97|0x0000000088100000, 0x0000000088100000, 0x0000000088200000|  0%| F|  |TAMS 0x0000000088100000, 0x0000000088100000| Untracked 
|  98|0x0000000088200000, 0x0000000088200000, 0x0000000088300000|  0%| F|  |TAMS 0x0000000088200000, 0x0000000088200000| Untracked 
|  99|0x0000000088300000, 0x0000000088300000, 0x0000000088400000|  0%| F|  |TAMS 0x0000000088300000, 0x0000000088300000| Untracked 
| 100|0x0000000088400000, 0x0000000088400000, 0x0000000088500000|  0%| F|  |TAMS 0x0000000088400000, 0x0000000088400000| Untracked 
| 101|0x0000000088500000, 0x0000000088500000, 0x0000000088600000|  0%| F|  |TAMS 0x0000000088500000, 0x0000000088500000| Untracked 
| 102|0x0000000088600000, 0x0000000088600000, 0x0000000088700000|  0%| F|  |TAMS 0x0000000088600000, 0x0000000088600000| Untracked 
| 103|0x0000000088700000, 0x0000000088700000, 0x0000000088800000|  0%| F|  |TAMS 0x0000000088700000, 0x0000000088700000| Untracked 
| 104|0x0000000088800000, 0x0000000088800000, 0x0000000088900000|  0%| F|  |TAMS 0x0000000088800000, 0x0000000088800000| Untracked 
| 105|0x0000000088900000, 0x0000000088900000, 0x0000000088a00000|  0%| F|  |TAMS 0x0000000088900000, 0x0000000088900000| Untracked 
| 106|0x0000000088a00000, 0x0000000088aa36b8, 0x0000000088b00000| 63%| E|  |TAMS 0x0000000088a00000, 0x0000000088a00000| Complete 
| 107|0x0000000088b00000, 0x0000000088c00000, 0x0000000088c00000|100%| E|CS|TAMS 0x0000000088b00000, 0x0000000088b00000| Complete 
| 108|0x0000000088c00000, 0x0000000088d00000, 0x0000000088d00000|100%| E|CS|TAMS 0x0000000088c00000, 0x0000000088c00000| Complete 
| 109|0x0000000088d00000, 0x0000000088e00000, 0x0000000088e00000|100%| E|CS|TAMS 0x0000000088d00000, 0x0000000088d00000| Complete 
| 110|0x0000000088e00000, 0x0000000088f00000, 0x0000000088f00000|100%| E|CS|TAMS 0x0000000088e00000, 0x0000000088e00000| Complete 
| 111|0x0000000088f00000, 0x0000000089000000, 0x0000000089000000|100%| E|CS|TAMS 0x0000000088f00000, 0x0000000088f00000| Complete 
| 112|0x0000000089000000, 0x0000000089100000, 0x0000000089100000|100%| E|CS|TAMS 0x0000000089000000, 0x0000000089000000| Complete 
| 113|0x0000000089100000, 0x0000000089200000, 0x0000000089200000|100%| E|CS|TAMS 0x0000000089100000, 0x0000000089100000| Complete 
| 114|0x0000000089200000, 0x0000000089300000, 0x0000000089300000|100%| E|  |TAMS 0x0000000089200000, 0x0000000089200000| Complete 
| 115|0x0000000089300000, 0x0000000089400000, 0x0000000089400000|100%| E|CS|TAMS 0x0000000089300000, 0x0000000089300000| Complete 
| 116|0x0000000089400000, 0x0000000089500000, 0x0000000089500000|100%| E|CS|TAMS 0x0000000089400000, 0x0000000089400000| Complete 
| 117|0x0000000089500000, 0x0000000089600000, 0x0000000089600000|100%| E|CS|TAMS 0x0000000089500000, 0x0000000089500000| Complete 
| 118|0x0000000089600000, 0x000000008965dbf8, 0x0000000089700000| 36%| S|CS|TAMS 0x0000000089600000, 0x0000000089600000| Complete 
| 119|0x0000000089700000, 0x0000000089800000, 0x0000000089800000|100%| E|CS|TAMS 0x0000000089700000, 0x0000000089700000| Complete 
| 120|0x0000000089800000, 0x0000000089900000, 0x0000000089900000|100%| E|CS|TAMS 0x0000000089800000, 0x0000000089800000| Complete 
| 121|0x0000000089900000, 0x0000000089a00000, 0x0000000089a00000|100%| E|CS|TAMS 0x0000000089900000, 0x0000000089900000| Complete 
| 122|0x0000000089a00000, 0x0000000089b00000, 0x0000000089b00000|100%| E|CS|TAMS 0x0000000089a00000, 0x0000000089a00000| Complete 
| 123|0x0000000089b00000, 0x0000000089c00000, 0x0000000089c00000|100%| E|CS|TAMS 0x0000000089b00000, 0x0000000089b00000| Complete 
| 124|0x0000000089c00000, 0x0000000089d00000, 0x0000000089d00000|100%| E|CS|TAMS 0x0000000089c00000, 0x0000000089c00000| Complete 
| 125|0x0000000089d00000, 0x0000000089e00000, 0x0000000089e00000|100%| E|CS|TAMS 0x0000000089d00000, 0x0000000089d00000| Complete 

Card table byte_map: [0x0000027263870000,0x0000027263c60000] _byte_map_base: 0x0000027263460000

Marking Bits (Prev, Next): (CMBitMap*) 0x000002724ba83998, (CMBitMap*) 0x000002724ba839d8
 Prev Bits: [0x0000027264050000, 0x0000027265fd0000)
 Next Bits: [0x0000027265fd0000, 0x0000027267f50000)

Polling page: 0x000002724a250000

Metaspace:

Usage:
  Non-class:     15.27 MB capacity,    15.01 MB ( 98%) used,   218.53 KB (  1%) free+waste,    46.19 KB ( <1%) overhead. 
      Class:      2.22 MB capacity,     2.02 MB ( 91%) used,   183.90 KB (  8%) free+waste,    24.75 KB (  1%) overhead. 
       Both:     17.49 MB capacity,    17.03 MB ( 97%) used,   402.43 KB (  2%) free+waste,    70.94 KB ( <1%) overhead. 

Virtual space:
  Non-class space:       16.00 MB reserved,      15.50 MB ( 97%) committed 
      Class space:        1.00 GB reserved,       2.25 MB ( <1%) committed 
             Both:        1.02 GB reserved,      17.75 MB (  2%) committed 

Chunk freelists:
   Non-Class:  5.00 KB
       Class:  3.88 KB
        Both:  8.88 KB

CodeHeap 'non-profiled nmethods': size=120064Kb used=872Kb max_used=872Kb free=119191Kb
 bounds [0x000002725b920000, 0x000002725bb90000, 0x0000027262e60000]
CodeHeap 'profiled nmethods': size=120000Kb used=5264Kb max_used=5264Kb free=114735Kb
 bounds [0x00000272543f0000, 0x0000027254920000, 0x000002725b920000]
CodeHeap 'non-nmethods': size=5696Kb used=1339Kb max_used=1339Kb free=4357Kb
 bounds [0x0000027253e60000, 0x00000272540d0000, 0x00000272543f0000]
 total_blobs=3417 nmethods=2319 adapters=630
 compilation: enabled
              stopped_count=0, restarted_count=0
 full_count=0

Compilation events (10 events):
Event: 5.784 Thread 0x000002726a59d800 nmethod 2318 0x000002725490e810 code [0x000002725490e9e0, 0x000002725490ec30]
Event: 5.786 Thread 0x000002726a59d800 2319       3       javax.swing.plaf.synth.SynthStyle::getColor (222 bytes)
Event: 5.788 Thread 0x000002726a59d800 nmethod 2319 0x000002725490ed10 code [0x000002725490f080, 0x0000027254911260]
Event: 5.789 Thread 0x000002726a59d800 2320   !   3       sun.java2d.pipe.AAShapePipe::renderTiles (314 bytes)
Event: 5.790 Thread 0x000002726a59d800 nmethod 2320 0x0000027254911710 code [0x0000027254911a60, 0x0000027254913160]
Event: 5.815 Thread 0x000002726c18a000 nmethod 2313 0x000002725b9f5c10 code [0x000002725b9f5e00, 0x000002725b9f7338]
Event: 5.815 Thread 0x000002726c18a000 2317 %     4       java.awt.LinearGradientPaintContext::fillRaster @ 27 (97 bytes)
Event: 5.825 Thread 0x000002726c18a000 nmethod 2317% 0x000002725b9f8610 code [0x000002725b9f8800, 0x000002725b9f90f8]
Event: 5.826 Thread 0x000002726c18a000 2312 %     4       sun.java2d.marlin.MarlinCache::copyAARowNoRLE @ 204 (362 bytes)
Event: 5.841 Thread 0x000002726c18a000 nmethod 2312% 0x000002725b9f9510 code [0x000002725b9f96c0, 0x000002725b9f9dd8]

GC Heap History (4 events):
Event: 1.959 GC heap before
{Heap before GC invocations=0 (full 0):
 garbage-first heap   total 129024K, used 22528K [0x0000000082000000, 0x0000000100000000)
  region size 1024K, 14 young (14336K), 0 survivors (0K)
 Metaspace       used 9204K, capacity 9553K, committed 9728K, reserved 1058816K
  class space    used 1096K, capacity 1233K, committed 1280K, reserved 1048576K
}
Event: 1.964 GC heap after
{Heap after GC invocations=1 (full 0):
 garbage-first heap   total 129024K, used 12570K [0x0000000082000000, 0x0000000100000000)
  region size 1024K, 2 young (2048K), 2 survivors (2048K)
 Metaspace       used 9204K, capacity 9553K, committed 9728K, reserved 1058816K
  class space    used 1096K, capacity 1233K, committed 1280K, reserved 1048576K
}
Event: 2.850 GC heap before
{Heap before GC invocations=1 (full 0):
 garbage-first heap   total 129024K, used 23834K [0x0000000082000000, 0x0000000100000000)
  region size 1024K, 9 young (9216K), 2 survivors (2048K)
 Metaspace       used 9373K, capacity 9686K, committed 9984K, reserved 1058816K
  class space    used 1100K, capacity 1233K, committed 1280K, reserved 1048576K
}
Event: 2.855 GC heap after
{Heap after GC invocations=2 (full 0):
 garbage-first heap   total 129024K, used 17100K [0x0000000082000000, 0x0000000100000000)
  region size 1024K, 1 young (1024K), 1 survivors (1024K)
 Metaspace       used 9373K, capacity 9686K, committed 9984K, reserved 1058816K
  class space    used 1100K, capacity 1233K, committed 1280K, reserved 1048576K
}

Deoptimization events (10 events):
Event: 3.267 Thread 0x000002726be82800 Uncommon trap: reason=class_check action=maybe_recompile pc=0x000002725b939514 method=java.lang.String.equals(Ljava/lang/Object;)Z @ 8 c2
Event: 3.289 Thread 0x000002726be82800 Uncommon trap: reason=unstable_if action=reinterpret pc=0x000002725b993e74 method=sun.java2d.marlin.DRenderer._endRendering(II)V @ 15 c2
Event: 3.289 Thread 0x000002726be82800 Uncommon trap: reason=predicate action=maybe_recompile pc=0x000002725b9770e4 method=java.awt.LinearGradientPaintContext.fillRaster([IIIIIII)V @ 53 c2
Event: 3.289 Thread 0x000002726be82800 Uncommon trap: reason=unstable_if action=reinterpret pc=0x000002725b957f04 method=java.awt.MultipleGradientPaintContext.indexIntoGradientsArrays(F)I @ 93 c2
Event: 3.297 Thread 0x000002726be82800 Uncommon trap: reason=unstable_if action=reinterpret pc=0x000002725b9b60a4 method=javax.swing.JComponent.getClientProperty(Ljava/lang/Object;)Ljava/lang/Object; @ 16 c2
Event: 3.302 Thread 0x000002726be82800 Uncommon trap: reason=unstable_if action=reinterpret pc=0x000002725b96dc8c method=java.awt.MultipleGradientPaintContext.indexIntoGradientsArrays(F)I @ 93 c2
Event: 3.328 Thread 0x000002726be82800 Uncommon trap: reason=unstable_if action=reinterpret pc=0x000002725b9bdd18 method=java.awt.MultipleGradientPaintContext.indexIntoGradientsArrays(F)I @ 13 c2
Event: 3.365 Thread 0x000002726be82800 Uncommon trap: reason=unstable_if action=reinterpret pc=0x000002725b978b60 method=sun.java2d.marlin.MarlinCache.copyAARowRLE_WithBlockFlags([I[IIII)V @ 307 c2
Event: 3.366 Thread 0x000002726be82800 Uncommon trap: reason=unstable_if action=reinterpret pc=0x000002725b96ac80 method=sun.java2d.marlin.MarlinCache.copyAARowRLE_WithBlockFlags([I[IIII)V @ 307 c2
Event: 3.366 Thread 0x000002726be82800 Uncommon trap: reason=unstable_if action=reinterpret pc=0x000002725b9993c4 method=sun.java2d.marlin.MarlinTileGenerator.getAlphaRLE([BII)V @ 163 c2

Classes redefined (0 events):
No events

Internal exceptions (10 events):
Event: 5.421 Thread 0x000002726be82800 Exception <a 'java/lang/NoSuchMethodError'{0x00000000894c2288}: java.lang.invoke.DirectMethodHandle$Holder.invokeVirtual(Ljava/lang/Object;Ljava/lang/Object;Ljava/lang/Object;)Ljava/lang/Object;> (0x00000000894c2288) thrown at [t:/workspace/open/src/hotsp
Event: 5.642 Thread 0x000002726be82800 Exception <a 'java/lang/NoSuchMethodError'{0x0000000088dcba20}: java.lang.invoke.DirectMethodHandle$Holder.invokeStatic(Ljava/lang/Object;Ljava/lang/Object;Ljava/lang/Object;Ljava/lang/Object;Ljava/lang/Object;Ljava/lang/Object;Ljava/lang/Object;Ljava/lan
Event: 5.643 Thread 0x000002726be82800 Exception <a 'java/lang/NoSuchMethodError'{0x0000000088dd8730}: java.lang.invoke.DirectMethodHandle$Holder.invokeStatic(Ljava/lang/Object;Ljava/lang/Object;Ljava/lang/Object;Ljava/lang/Object;Ljava/lang/Object;Ljava/lang/Object;Ljava/lang/Object;Ljava/lan
Event: 5.644 Thread 0x000002726be82800 Exception <a 'java/lang/NoSuchMethodError'{0x0000000088de9fe0}: java.lang.invoke.DelegatingMethodHandle$Holder.reinvoke_L(Ljava/lang/Object;Ljava/lang/Object;JLjava/lang/Object;Ljava/lang/Object;Ljava/lang/Object;Ljava/lang/Object;Ljava/lang/Object;Ljava/
Event: 5.650 Thread 0x000002726be82800 Exception <a 'java/lang/NoSuchMethodError'{0x0000000088c5ebe8}: java.lang.invoke.DirectMethodHandle$Holder.invokeSpecial(Ljava/lang/Object;Ljava/lang/Object;JLjava/lang/Object;Ljava/lang/Object;Ljava/lang/Object;Ljava/lang/Object;Ljava/lang/Object;Ljava/l
Event: 5.650 Thread 0x000002726be82800 Exception <a 'java/lang/NoSuchMethodError'{0x0000000088c62d38}: java.lang.invoke.DelegatingMethodHandle$Holder.reinvoke_L(Ljava/lang/Object;JLjava/lang/Object;Ljava/lang/Object;Ljava/lang/Object;Ljava/lang/Object;Ljava/lang/Object;Ljava/lang/Object;Ljava/
Event: 5.652 Thread 0x000002726be82800 Exception <a 'java/lang/NoSuchMethodError'{0x0000000088c7d2d0}: java.lang.invoke.DirectMethodHandle$Holder.invokeStatic(Ljava/lang/Object;Ljava/lang/Object;Ljava/lang/Object;Ljava/lang/Object;Ljava/lang/Object;Ljava/lang/Object;J)Ljava/lang/Object;> (0x00
Event: 5.654 Thread 0x000002726be82800 Exception <a 'java/lang/NoSuchMethodError'{0x0000000088c94cf0}: java.lang.invoke.DirectMethodHandle$Holder.invokeStatic(Ljava/lang/Object;Ljava/lang/Object;Ljava/lang/Object;Ljava/lang/Object;Ljava/lang/Object;Ljava/lang/Object;JLjava/lang/Object;)Ljava/l
Event: 5.654 Thread 0x000002726be82800 Exception <a 'java/lang/NoSuchMethodError'{0x0000000088c9f100}: java.lang.invoke.DirectMethodHandle$Holder.invokeSpecial(Ljava/lang/Object;Ljava/lang/Object;Ljava/lang/Object;Ljava/lang/Object;Ljava/lang/Object;Ljava/lang/Object;Ljava/lang/Object;Ljava/la
Event: 5.655 Thread 0x000002726be82800 Exception <a 'java/lang/NoSuchMethodError'{0x0000000088ca3270}: java.lang.invoke.Invokers$Holder.linkToTargetMethod(Ljava/lang/Object;Ljava/lang/Object;Ljava/lang/Object;Ljava/lang/Object;Ljava/lang/Object;Ljava/lang/Object;Ljava/lang/Object;Ljava/lang/Ob

Events (10 events):
Event: 5.794 Thread 0x000002726be82800 DEOPT PACKING pc=0x000002725477a0ef sp=0x000000a5ffefd2f0
Event: 5.794 Thread 0x000002726be82800 DEOPT UNPACKING pc=0x0000027253e899ce sp=0x000000a5ffefc768 mode 0
Event: 5.794 Thread 0x000002726be82800 DEOPT PACKING pc=0x000002725477a0ef sp=0x000000a5ffefd2f0
Event: 5.794 Thread 0x000002726be82800 DEOPT UNPACKING pc=0x0000027253e899ce sp=0x000000a5ffefc768 mode 0
Event: 5.795 Thread 0x000002726be82800 DEOPT PACKING pc=0x000002725477a0ef sp=0x000000a5ffefd2f0
Event: 5.795 Thread 0x000002726be82800 DEOPT UNPACKING pc=0x0000027253e899ce sp=0x000000a5ffefc768 mode 0
Event: 5.795 Thread 0x000002726be82800 DEOPT PACKING pc=0x000002725477a0ef sp=0x000000a5ffefd2f0
Event: 5.795 Thread 0x000002726be82800 DEOPT UNPACKING pc=0x0000027253e899ce sp=0x000000a5ffefc768 mode 0
Event: 5.795 Thread 0x000002726be82800 DEOPT PACKING pc=0x000002725477a0ef sp=0x000000a5ffefd2f0
Event: 5.795 Thread 0x000002726be82800 DEOPT UNPACKING pc=0x0000027253e899ce sp=0x000000a5ffefc768 mode 0


Dynamic libraries:
0x00007ff70f4f0000 - 0x00007ff70f4ff000 	C:\Program Files\Java\jdk-12.0.2\bin\java.exe
0x00007ff868eb0000 - 0x00007ff8690a6000 	C:\Windows\SYSTEM32\ntdll.dll
0x00007ff8687c0000 - 0x00007ff86887d000 	C:\Windows\System32\KERNEL32.DLL
0x00007ff866ba0000 - 0x00007ff866e69000 	C:\Windows\System32\KERNELBASE.dll
0x00007ff8668b0000 - 0x00007ff8669b0000 	C:\Windows\System32\ucrtbase.dll
0x00007ff843cc0000 - 0x00007ff843cd6000 	C:\Program Files\Java\jdk-12.0.2\bin\VCRUNTIME140.dll
0x00007ff84a340000 - 0x00007ff84a358000 	C:\Program Files\Java\jdk-12.0.2\bin\jli.dll
0x00007ff8684c0000 - 0x00007ff86856c000 	C:\Windows\System32\ADVAPI32.dll
0x00007ff867e80000 - 0x00007ff867f1e000 	C:\Windows\System32\msvcrt.dll
0x00007ff868570000 - 0x00007ff86860c000 	C:\Windows\System32\sechost.dll
0x00007ff867600000 - 0x00007ff86772b000 	C:\Windows\System32\RPCRT4.dll
0x00007ff866f40000 - 0x00007ff8670e0000 	C:\Windows\System32\USER32.dll
0x00007ff853ba0000 - 0x00007ff853e3b000 	C:\Windows\WinSxS\amd64_microsoft.windows.common-controls_6595b64144ccf1df_6.0.19041.746_none_ca02b4b61b8320a4\COMCTL32.dll
0x00007ff866a10000 - 0x00007ff866a32000 	C:\Windows\System32\win32u.dll
0x00007ff867fb0000 - 0x00007ff867fda000 	C:\Windows\System32\GDI32.dll
0x00007ff8665f0000 - 0x00007ff8666fb000 	C:\Windows\System32\gdi32full.dll
0x00007ff866e70000 - 0x00007ff866f0d000 	C:\Windows\System32\msvcp_win.dll
0x00007ff861830000 - 0x00007ff86183a000 	C:\Windows\SYSTEM32\VERSION.dll
0x00007ff868790000 - 0x00007ff8687c0000 	C:\Windows\System32\IMM32.DLL
0x00007ff83aad0000 - 0x00007ff83ab7a000 	C:\Program Files\Java\jdk-12.0.2\bin\msvcp140.dll
0x00007ff826e90000 - 0x00007ff827a07000 	C:\Program Files\Java\jdk-12.0.2\bin\server\jvm.dll
0x00007ff866f30000 - 0x00007ff866f38000 	C:\Windows\System32\PSAPI.DLL
0x00007ff84efa0000 - 0x00007ff84efa9000 	C:\Windows\SYSTEM32\WSOCK32.dll
0x00007ff84c250000 - 0x00007ff84c277000 	C:\Windows\SYSTEM32\WINMM.dll
0x00007ff868880000 - 0x00007ff8688eb000 	C:\Windows\System32\WS2_32.dll
0x00007ff864560000 - 0x00007ff864572000 	C:\Windows\SYSTEM32\kernel.appcore.dll
0x00007ff83dce0000 - 0x00007ff83dcf1000 	C:\Program Files\Java\jdk-12.0.2\bin\verify.dll
0x00007ff854c70000 - 0x00007ff854e54000 	C:\Windows\SYSTEM32\DBGHELP.DLL
0x00007ff8550b0000 - 0x00007ff8550dc000 	C:\Windows\SYSTEM32\dbgcore.DLL
0x00007ff866750000 - 0x00007ff8667d0000 	C:\Windows\System32\bcryptPrimitives.dll
0x00007ff843800000 - 0x00007ff843826000 	C:\Program Files\Java\jdk-12.0.2\bin\java.dll
0x00007ff83dcc0000 - 0x00007ff83dcd7000 	C:\Program Files\Java\jdk-12.0.2\bin\zip.dll
0x00007ff84ecc0000 - 0x00007ff84ecca000 	C:\Program Files\Java\jdk-12.0.2\bin\jimage.dll
0x00007ff867730000 - 0x00007ff867e72000 	C:\Windows\System32\SHELL32.dll
0x00007ff864760000 - 0x00007ff864ef0000 	C:\Windows\SYSTEM32\windows.storage.dll
0x00007ff868050000 - 0x00007ff8683a6000 	C:\Windows\System32\combase.dll
0x00007ff865f80000 - 0x00007ff865fac000 	C:\Windows\SYSTEM32\Wldp.dll
0x00007ff868410000 - 0x00007ff8684be000 	C:\Windows\System32\SHCORE.dll
0x00007ff868e10000 - 0x00007ff868e65000 	C:\Windows\System32\shlwapi.dll
0x00007ff866520000 - 0x00007ff866546000 	C:\Windows\SYSTEM32\profapi.dll
0x00007ff83dc60000 - 0x00007ff83dc79000 	C:\Program Files\Java\jdk-12.0.2\bin\net.dll
0x00007ff85dec0000 - 0x00007ff85dfc0000 	C:\Windows\SYSTEM32\WINHTTP.dll
0x00007ff85bb30000 - 0x00007ff85bd1e000 	C:\Windows\SYSTEM32\urlmon.dll
0x00007ff85d870000 - 0x00007ff85db20000 	C:\Windows\SYSTEM32\iertutil.dll
0x00007ff865d00000 - 0x00007ff865d6a000 	C:\Windows\system32\mswsock.dll
0x00007ff83dc40000 - 0x00007ff83dc53000 	C:\Program Files\Java\jdk-12.0.2\bin\nio.dll
0x00007ff83ab80000 - 0x00007ff83ad1f000 	C:\Program Files\Java\jdk-12.0.2\bin\awt.dll
0x00007ff868d40000 - 0x00007ff868e0d000 	C:\Windows\System32\OLEAUT32.dll
0x00007ff862cb0000 - 0x00007ff863270000 	C:\Windows\SYSTEM32\d2d1.dll
0x00007ff863f10000 - 0x00007ff863fa0000 	C:\Windows\SYSTEM32\apphelp.dll
0x00007ff8640a0000 - 0x00007ff86413e000 	C:\Windows\system32\uxtheme.dll
0x00007ff868610000 - 0x00007ff868725000 	C:\Windows\System32\MSCTF.dll
0x00007ff868aa0000 - 0x00007ff868bca000 	C:\Windows\System32\ole32.dll
0x00007ff864380000 - 0x00007ff8643af000 	C:\Windows\system32\DWMAPI.DLL
0x00007ff839160000 - 0x00007ff8391e0000 	C:\Program Files\Java\jdk-12.0.2\bin\freetype.dll
0x00007ff8390b0000 - 0x00007ff83915b000 	C:\Program Files\Java\jdk-12.0.2\bin\fontmanager.dll
0x00007ff845900000 - 0x00007ff845a25000 	C:\Windows\system32\opengl32.dll
0x00007ff846500000 - 0x00007ff84652c000 	C:\Windows\SYSTEM32\GLU32.dll
0x00007ff844a80000 - 0x00007ff844aad000 	C:\Program Files\Java\jdk-12.0.2\bin\javajpeg.dll
0x00007ff85f780000 - 0x00007ff85f87b000 	C:\Windows\SYSTEM32\textinputframework.dll
0x00007ff863940000 - 0x00007ff863c9e000 	C:\Windows\System32\CoreUIComponents.dll
0x00007ff863ca0000 - 0x00007ff863d92000 	C:\Windows\System32\CoreMessaging.dll
0x00007ff865330000 - 0x00007ff865363000 	C:\Windows\SYSTEM32\ntmarta.dll
0x00007ff863270000 - 0x00007ff8633c4000 	C:\Windows\SYSTEM32\wintypes.dll
0x00007ff8670e0000 - 0x00007ff867189000 	C:\Windows\System32\clbcatq.dll
0x00007ff85f9d0000 - 0x00007ff85fb84000 	C:\Windows\SYSTEM32\WindowsCodecs.dll
0x00007ff866880000 - 0x00007ff8668a7000 	C:\Windows\System32\bcrypt.dll
0x00007ff8465f0000 - 0x00007ff84662e000 	C:\Windows\system32\dataexchange.dll
0x00007ff8625e0000 - 0x00007ff862844000 	C:\Windows\system32\d3d11.dll
0x00007ff8633d0000 - 0x00007ff8635b7000 	C:\Windows\system32\dcomp.dll
0x00007ff864f30000 - 0x00007ff865023000 	C:\Windows\system32\dxgi.dll
0x00007ff85fc90000 - 0x00007ff85fe91000 	C:\Windows\system32\twinapi.appcore.dll
0x00007ff850080000 - 0x00007ff85008e000 	C:\Program Files\Java\jdk-12.0.2\bin\sunmscapi.dll
0x00007ff866a40000 - 0x00007ff866b96000 	C:\Windows\System32\CRYPT32.dll
0x00007ff865ff0000 - 0x00007ff866017000 	C:\Windows\SYSTEM32\ncrypt.dll
0x00007ff865fb0000 - 0x00007ff865feb000 	C:\Windows\SYSTEM32\NTASN1.dll
0x00007ff84a310000 - 0x00007ff84a337000 	C:\Program Files\Java\jdk-12.0.2\bin\sunec.dll

dbghelp: loaded successfully - version: 4.0.5 - missing functions: none
symbol engine: initialized successfully - sym options: 0x614 - pdb path: .;C:\Program Files\Java\jdk-12.0.2\bin;C:\Windows\SYSTEM32;C:\Windows\WinSxS\amd64_microsoft.windows.common-controls_6595b64144ccf1df_6.0.19041.746_none_ca02b4b61b8320a4;C:\Program Files\Java\jdk-12.0.2\bin\server

VM Arguments:
jvm_args: -Dfile.encoding=UTF-8 
java_command: MyProject.Introduction
java_class_path (initial): C:\netbeans\java\modules\ext\AbsoluteLayout.jar;C:\Users\USER C\Documents\NetBeansProjects\mysql-connector-java-8.0.23\mysql-connector-java-8.0.23.jar;C:\Users\USER C\Documents\NetBeansProjects\rs2xml.jar;C:\Users\USER C\Documents\NetBeansProjects\jcalender\lib\jcalendar-1.4.jar;C:\Users\USER C\Documents\NetBeansProjects\SDProject\build\classes
Launcher Type: SUN_STANDARD

[Global flags]
     intx CICompilerCount                          = 3                                         {product} {ergonomic}
     uint ConcGCThreads                            = 1                                         {product} {ergonomic}
     uint G1ConcRefinementThreads                  = 4                                         {product} {ergonomic}
   size_t G1HeapRegionSize                         = 1048576                                   {product} {ergonomic}
    uintx GCDrainStackTargetSize                   = 64                                        {product} {ergonomic}
   size_t InitialHeapSize                          = 132120576                                 {product} {ergonomic}
   size_t MarkStackSize                            = 4194304                                   {product} {ergonomic}
   size_t MaxHeapSize                              = 2113929216                                {product} {ergonomic}
   size_t MaxNewSize                               = 1267728384                                {product} {ergonomic}
   size_t MinHeapDeltaBytes                        = 1048576                                   {product} {ergonomic}
    uintx NonNMethodCodeHeapSize                   = 5830732                                {pd product} {ergonomic}
    uintx NonProfiledCodeHeapSize                  = 122913754                              {pd product} {ergonomic}
    uintx ProfiledCodeHeapSize                     = 122913754                              {pd product} {ergonomic}
    uintx ReservedCodeCacheSize                    = 251658240                              {pd product} {ergonomic}
     bool SegmentedCodeCache                       = true                                      {product} {ergonomic}
     bool UseCompressedClassPointers               = true                                 {lp64_product} {ergonomic}
     bool UseCompressedOops                        = true                                 {lp64_product} {ergonomic}
     bool UseG1GC                                  = true                                      {product} {ergonomic}
     bool UseLargePagesIndividualAllocation        = false                                  {pd product} {ergonomic}

Logging:
Log output configuration:
 #0: stdout all=warning uptime,level,tags
 #1: stderr all=off uptime,level,tags

Environment Variables:
JAVA_HOME=C:\Program Files\Java\jdk-12.0.2
PATH=C:\Windows\system32;C:\Windows;C:\Windows\System32\Wbem;C:\Windows\System32\WindowsPowerShell\v1.0\;C:\Windows\System32\OpenSSH\;C:\Program Files (x86)\CodeBlocks\MinGW\bin;C:\Program Files (x86)\CodeBlocks\MinGW;C:\Program Files\Java\jdk-12.0.2\bin;C:\Users\USER C\AppData\Local\Microsoft\WindowsApps;
USERNAME=USER C
OS=Windows_NT
PROCESSOR_IDENTIFIER=Intel64 Family 6 Model 94 Stepping 3, GenuineIntel



---------------  S Y S T E M  ---------------

OS: Windows 10 , 64 bit Build 19041 (10.0.19041.804)

CPU:total 4 (initial active 4) (4 cores per cpu, 1 threads per core) family 6 model 94 stepping 3, cmov, cx8, fxsr, mmx, sse, sse2, sse3, ssse3, sse4.1, sse4.2, popcnt, avx, avx2, aes, clmul, erms, 3dnowpref, lzcnt, tsc, tscinvbit, bmi1, bmi2, adx, fma

Memory: 4k page, system-wide physical 8057M (4700M free)
TotalPageFile size 9337M (AvailPageFile size 5889M)
current process WorkingSet (physical memory assigned to process): 115M, peak: 117M
current process commit charge ("private bytes"): 230M, peak: 232M

vm_info: Java HotSpot(TM) 64-Bit Server VM (12.0.2+10) for windows-amd64 JRE (12.0.2+10), built on Jul 16 2019 01:56:17 by "mach5one" with MS VC++ 15.5 (VS2017)

END.
