#
# A fatal error has been detected by the Java Runtime Environment:
#
#  EXCEPTION_ACCESS_VIOLATION (0xc0000005) at pc=0x00000129808c5321, pid=5764, tid=8692
#
# JRE version: Java(TM) SE Runtime Environment (12.0.2+10) (build 12.0.2+10)
# Java VM: Java HotSpot(TM) 64-Bit Server VM (12.0.2+10, mixed mode, sharing, tiered, compressed oops, g1 gc, windows-amd64)
# Problematic frame:
# J 1560 c1 com.sun.tools.javac.tree.JCTree$JCIdent.accept(Lcom/sun/tools/javac/tree/JCTree$Visitor;)V jdk.compiler@12.0.2 (6 bytes) @ 0x00000129808c5321 [0x00000129808c52e0+0x0000000000000041]
#
# No core dump will be written. Minidumps are not enabled by default on client versions of Windows
#
# If you would like to submit a bug report, please visit:
#   http://bugreport.java.com/bugreport/crash.jsp
#

---------------  S U M M A R Y ------------

Command Line: -Dapplication.home=C:\Program Files\Java\jdk-12.0.2 --add-modules=ALL-DEFAULT -Xms8m -Djdk.module.main=jdk.compiler jdk.compiler/com.sun.tools.javac.Main -d C:\Users\USER C\Documents\NetBeansProjects\SDProject\build\classes -classpath C:\Users\USER C\Documents\NetBeansProjects\SDProject\build\classes;C:\netbeans\java\modules\ext\AbsoluteLayout.jar;C:\Users\USER C\Documents\NetBeansProjects\mysql-connector-java-8.0.23\mysql-connector-java-8.0.23.jar;C:\Users\USER C\Documents\NetBeansProjects\rs2xml.jar;C:\Users\USER C\Documents\NetBeansProjects\jcalender\lib\jcalendar-1.4.jar -sourcepath C:\Users\USER C\Documents\NetBeansProjects\SDProject\build\empty -target 12 -encoding UTF-8 -g -processorpath C:\netbeans\java\modules\ext\AbsoluteLayout.jar;C:\Users\USER C\Documents\NetBeansProjects\mysql-connector-java-8.0.23\mysql-connector-java-8.0.23.jar;C:\Users\USER C\Documents\NetBeansProjects\rs2xml.jar;C:\Users\USER C\Documents\NetBeansProjects\jcalender\lib\jcalendar-1.4.jar;C:\Users\USER C\Documents\NetBeansProjects\SDProject\build\empty -s C:\Users\USER C\Documents\NetBeansProjects\SDProject\build\generated-sources\ap-source-output -source 12 C:\Users\USER C\Documents\NetBeansProjects\SDProject\src\MyProject\RootSelection.java

Host: Intel(R) Core(TM) i5-6400T CPU @ 2.20GHz, 4 cores, 7G,  Windows 10 , 64 bit Build 19041 (10.0.19041.804)
Time: Mon Mar 29 20:12:39 2021 Bangladesh Standard Time elapsed time: 1 seconds (0d 0h 0m 1s)

---------------  T H R E A D  ---------------

Current thread (0x00000129ebffe000):  JavaThread "main" [_thread_in_Java, id=8692, stack(0x00000018d9300000,0x00000018d9400000)]

Stack: [0x00000018d9300000,0x00000018d9400000],  sp=0x00000018d93fe668,  free space=1017k
Native frames: (J=compiled Java code, j=interpreted, Vv=VM code, C=native code)
C  0x00000129808c5321


siginfo: EXCEPTION_ACCESS_VIOLATION (0xc0000005), reading address 0x00000001ffff4c50


Register to memory mapping:

RIP=0x00000129808c5321 is at entry_point+65 in (nmethod*)0x00000129808c5110
RAX=
[error occurred during error reporting (printing register info), id 0xc0000005, EXCEPTION_ACCESS_VIOLATION (0xc0000005) at pc=0x00007ffc08eb98df]

Registers:
RAX=0x00000000ffffa628, RBX=0x00000129fd852800, RCX=0x0000000084a41a28, RDX=0x00000000823065b8
RSP=0x00000018d93fe668, RBP=0x00000018d93fe778, RSI=0x00000000823065b8, RDI=0x0000000000003368
R8 =0x0000000084a41a28, R9 =0x0000000082265608, R10=0x0000000082130b68, R11=0x00000129808bbe20
R12=0x0000000000000000, R13=0x00000018d93fe720, R14=0x00000018d93fe790, R15=0x00000129ebffe000
RIP=0x00000129808c5321, EFLAGS=0x0000000000010246

Top of Stack: (sp=0x00000018d93fe668)
0x00000018d93fe668:   0000012980a60a24 0000000084a5b450
0x00000018d93fe678:   00007ffc08fd939a 00000129ebffe000
0x00000018d93fe688:   00000018d93fe708 0000000000000000
0x00000018d93fe698:   00007ffc08dca03d 00000018d93fe710
0x00000018d93fe6a8:   0000012980009880 0000012980009880
0x00000018d93fe6b8:   0000000082195c90 00000018d93fe778
0x00000018d93fe6c8:   00000129808bbf0c 00000129fe332a0f
0x00000018d93fe6d8:   00000018d93fe728 00000129fda7e028
0x00000018d93fe6e8:   0000000000000000 0000000082265440
0x00000018d93fe6f8:   00000129fe332a80 00000018d93fe778
0x00000018d93fe708:   0000012980009e73 00000018d93fe778
0x00000018d93fe718:   0000012980009e73 0000000082306598
0x00000018d93fe728:   0000000084a41a28 00000018d93fe730
0x00000018d93fe738:   00000129ffd06242 00000018d93fe790
0x00000018d93fe748:   00000129ffd08380 0000000000000000
0x00000018d93fe758:   0000000084a406a8 00000129ffd06290 

Instructions: (pc=0x00000129808c5321)
0x00000129808c5221:   53 8c 80 29 01 00 00 e0 52 8c 80 29 01 00 00 84
0x00000129808c5231:   03 00 00 3c 03 00 00 d0 01 00 00 70 03 00 00 20
0x00000129808c5241:   04 00 00 28 04 00 00 00 00 00 00 48 04 00 00 98
0x00000129808c5251:   04 00 00 a0 04 00 00 a0 04 00 00 b0 04 00 00 20
0x00000129808c5261:   00 00 00 18 06 00 00 03 00 00 00 00 00 00 00 02
0x00000129808c5271:   00 00 00 00 00 00 00 00 00 00 00 e0 01 00 00 02
0x00000129808c5281:   00 00 00 ff ff ff ff ff ff ff ff 00 00 00 00 1b
0x00000129808c5291:   60 34 c0 30 c0 0a f0 b0 24 11 b0 04 c0 17 64 0a
0x00000129808c52a1:   64 35 64 06 00 01 f8 db fe 05 50 00 c0 0a 64 05
0x00000129808c52b1:   64 03 f8 42 09 90 dd fc 7f 5b 70 60 f0 0a 80 11
0x00000129808c52c1:   60 01 f8 a2 fd 0e 90 0c 64 00 00 00 00 00 00 00
0x00000129808c52d1:   00 00 00 00 00 00 00 00 00 00 00 00 00 00 00 44
0x00000129808c52e1:   8b 52 08 49 c1 e2 03 49 bc 00 00 00 00 08 00 00
0x00000129808c52f1:   00 4d 03 d4 4d 33 e4 4c 3b d0 0f 85 7f 2b 76 ff
0x00000129808c5301:   66 66 66 0f 1f 84 00 00 00 00 00 66 66 66 90 66
0x00000129808c5311:   66 66 0f 1f 84 00 00 00 00 00 66 66 66 90 90 89
0x00000129808c5321:   84 24 00 90 ff ff 55 48 83 ec 30 49 8b f0 49 b8
0x00000129808c5331:   28 eb c3 ff 29 01 00 00 41 8b b8 04 01 00 00 83
0x00000129808c5341:   c7 08 41 89 b8 04 01 00 00 81 e7 f8 1f 00 00 83
0x00000129808c5351:   ff 00 0f 84 cb 00 00 00 48 3b 06 4c 8b c6 48 bf
0x00000129808c5361:   28 eb c3 ff 29 01 00 00 45 8b 40 08 49 c1 e0 03
0x00000129808c5371:   49 bc 00 00 00 00 08 00 00 00 4d 03 c4 4d 33 e4
0x00000129808c5381:   4c 3b 87 50 01 00 00 75 0d 48 83 87 58 01 00 00
0x00000129808c5391:   01 e9 66 00 00 00 4c 3b 87 60 01 00 00 75 0d 48
0x00000129808c53a1:   83 87 68 01 00 00 01 e9 50 00 00 00 48 81 bf 50
0x00000129808c53b1:   01 00 00 00 00 00 00 75 17 4c 89 87 50 01 00 00
0x00000129808c53c1:   48 c7 87 58 01 00 00 01 00 00 00 e9 2c 00 00 00
0x00000129808c53d1:   48 81 bf 60 01 00 00 00 00 00 00 75 17 4c 89 87
0x00000129808c53e1:   60 01 00 00 48 c7 87 68 01 00 00 01 00 00 00 e9
0x00000129808c53f1:   08 00 00 00 48 83 87 40 01 00 00 01 4c 8b c2 48
0x00000129808c5401:   8b d6 66 90 48 b8 ff ff ff ff ff ff ff ff e8 64
0x00000129808c5411:   1f 85 ff 48 83 c4 30 5d 4d 8b 97 08 01 00 00 41 


Stack slot to memory mapping:
stack at sp + 0 slots: 0x0000012980a60a24 is at entry_point+196 in (nmethod*)0x0000012980a60790
stack at sp + 1 slots: 0x0000000084a5b450 points into unknown readable memory: 01 00 00 00 00 00 00 00
stack at sp + 2 slots: 0x00007ffc08fd939a jvm.dll
stack at sp + 3 slots: 0x00000129ebffe000 is a thread
stack at sp + 4 slots: 0x00000018d93fe708 is pointing into the stack for thread: 0x00000129ebffe000
stack at sp + 5 slots: 0x0 is NULL
stack at sp + 6 slots: 0x00007ffc08dca03d jvm.dll
stack at sp + 7 slots: 0x00000018d93fe710 is pointing into the stack for thread: 0x00000129ebffe000



---------------  P R O C E S S  ---------------

Threads class SMR info:
_java_thread_list=0x00000129fe46ee50, length=11, elements={
0x00000129ebffe000, 0x00000129ee1cb000, 0x00000129ee1cd000, 0x00000129fdc33000,
0x00000129fdc36000, 0x00000129fdc39800, 0x00000129fdc41800, 0x00000129fdc4d000,
0x00000129fdd0e800, 0x00000129fdecf000, 0x00000129fea8c800
}

Java Threads: ( => current thread )
=>0x00000129ebffe000 JavaThread "main" [_thread_in_Java, id=8692, stack(0x00000018d9300000,0x00000018d9400000)]
  0x00000129ee1cb000 JavaThread "Reference Handler" daemon [_thread_blocked, id=1020, stack(0x00000018d9a00000,0x00000018d9b00000)]
  0x00000129ee1cd000 JavaThread "Finalizer" daemon [_thread_blocked, id=5148, stack(0x00000018d9b00000,0x00000018d9c00000)]
  0x00000129fdc33000 JavaThread "Signal Dispatcher" daemon [_thread_blocked, id=2624, stack(0x00000018d9c00000,0x00000018d9d00000)]
  0x00000129fdc36000 JavaThread "Attach Listener" daemon [_thread_blocked, id=2716, stack(0x00000018d9d00000,0x00000018d9e00000)]
  0x00000129fdc39800 JavaThread "C2 CompilerThread0" daemon [_thread_in_native, id=748, stack(0x00000018d9e00000,0x00000018d9f00000)]
  0x00000129fdc41800 JavaThread "C1 CompilerThread0" daemon [_thread_blocked, id=6744, stack(0x00000018d9f00000,0x00000018da000000)]
  0x00000129fdc4d000 JavaThread "Sweeper thread" daemon [_thread_blocked, id=2076, stack(0x00000018da000000,0x00000018da100000)]
  0x00000129fdd0e800 JavaThread "Common-Cleaner" daemon [_thread_blocked, id=884, stack(0x00000018da100000,0x00000018da200000)]
  0x00000129fdecf000 JavaThread "Service Thread" daemon [_thread_blocked, id=1492, stack(0x00000018da200000,0x00000018da300000)]
  0x00000129fea8c800 JavaThread "C2 CompilerThread1" daemon [_thread_in_native, id=4660, stack(0x00000018da500000,0x00000018da600000)]

Other Threads:
  0x00000129ee1c5000 VMThread "VM Thread" [stack: 0x00000018d9900000,0x00000018d9a00000] [id=1532]
  0x00000129fdf7c000 WatcherThread [stack: 0x00000018da300000,0x00000018da400000] [id=5716]
  0x00000129ee134000 GCTaskThread "GC Thread#0" [stack: 0x00000018d9400000,0x00000018d9500000] [id=2520]
  0x00000129fdf04000 GCTaskThread "GC Thread#1" [stack: 0x00000018da400000,0x00000018da500000] [id=7460]
  0x00000129ee141800 ConcurrentGCThread "G1 Main Marker" [stack: 0x00000018d9500000,0x00000018d9600000] [id=3180]
  0x00000129ee145000 ConcurrentGCThread "G1 Conc#0" [stack: 0x00000018d9600000,0x00000018d9700000] [id=10292]
  0x00000129ee15d800 ConcurrentGCThread "G1 Refine#0" [stack: 0x00000018d9700000,0x00000018d9800000] [id=7112]
  0x00000129ee15f800 ConcurrentGCThread "G1 Young RemSet Sampling" [stack: 0x00000018d9800000,0x00000018d9900000] [id=5580]

Threads with active compile tasks:
C2 CompilerThread0  2001       4       com.sun.tools.javac.code.Symbol$TypeSymbol::precedes (132 bytes)
C2 CompilerThread1  1484       4       com.sun.tools.javac.jvm.ClassReader::readPool (520 bytes)

VM state:not at safepoint (normal execution)

VM Mutex/Monitor currently owned by a thread: None

Heap address: 0x0000000082000000, size: 2016 MB, Compressed Oops mode: 32-bit
Narrow klass base: 0x0000000800000000, Narrow klass shift: 3
Compressed class space size: 1073741824 Address: 0x0000000801190000

Heap:
 garbage-first heap   total 54272K, used 22658K [0x0000000082000000, 0x0000000100000000)
  region size 1024K, 12 young (12288K), 1 survivors (1024K)
 Metaspace       used 10381K, capacity 12985K, committed 13056K, reserved 1060864K
  class space    used 1162K, capacity 1479K, committed 1536K, reserved 1048576K
Heap Regions: E=young(eden), S=young(survivor), O=old, HS=humongous(starts), HC=humongous(continues), CS=collection set, F=free, A=archive, TAMS=top-at-mark-start (previous, next)
|   0|0x0000000082000000, 0x0000000082100000, 0x0000000082100000|100%| O|  |TAMS 0x0000000082000000, 0x0000000082000000| Untracked 
|   1|0x0000000082100000, 0x0000000082200000, 0x0000000082200000|100%| O|  |TAMS 0x0000000082100000, 0x0000000082100000| Untracked 
|   2|0x0000000082200000, 0x0000000082300000, 0x0000000082300000|100%| O|  |TAMS 0x0000000082200000, 0x0000000082200000| Untracked 
|   3|0x0000000082300000, 0x0000000082400000, 0x0000000082400000|100%| O|  |TAMS 0x0000000082300000, 0x0000000082300000| Untracked 
|   4|0x0000000082400000, 0x0000000082500000, 0x0000000082500000|100%| O|  |TAMS 0x0000000082400000, 0x0000000082400000| Untracked 
|   5|0x0000000082500000, 0x0000000082600000, 0x0000000082600000|100%| O|  |TAMS 0x0000000082500000, 0x0000000082500000| Untracked 
|   6|0x0000000082600000, 0x0000000082700000, 0x0000000082700000|100%| O|  |TAMS 0x0000000082600000, 0x0000000082600000| Untracked 
|   7|0x0000000082700000, 0x0000000082800000, 0x0000000082800000|100%| O|  |TAMS 0x0000000082700000, 0x0000000082700000| Untracked 
|   8|0x0000000082800000, 0x0000000082900000, 0x0000000082900000|100%| O|  |TAMS 0x0000000082800000, 0x0000000082800000| Untracked 
|   9|0x0000000082900000, 0x0000000082a00000, 0x0000000082a00000|100%| O|  |TAMS 0x0000000082900000, 0x0000000082900000| Untracked 
|  10|0x0000000082a00000, 0x0000000082b00000, 0x0000000082b00000|100%|HS|  |TAMS 0x0000000082a00000, 0x0000000082a00000| Complete 
|  11|0x0000000082b00000, 0x0000000082b2ec00, 0x0000000082c00000| 18%| O|  |TAMS 0x0000000082b00000, 0x0000000082b00000| Untracked 
|  12|0x0000000082c00000, 0x0000000082c00000, 0x0000000082d00000|  0%| F|  |TAMS 0x0000000082c00000, 0x0000000082c00000| Untracked 
|  13|0x0000000082d00000, 0x0000000082d00000, 0x0000000082e00000|  0%| F|  |TAMS 0x0000000082d00000, 0x0000000082d00000| Untracked 
|  14|0x0000000082e00000, 0x0000000082e00000, 0x0000000082f00000|  0%| F|  |TAMS 0x0000000082e00000, 0x0000000082e00000| Untracked 
|  15|0x0000000082f00000, 0x0000000082f00000, 0x0000000083000000|  0%| F|  |TAMS 0x0000000082f00000, 0x0000000082f00000| Untracked 
|  16|0x0000000083000000, 0x0000000083000000, 0x0000000083100000|  0%| F|  |TAMS 0x0000000083000000, 0x0000000083000000| Untracked 
|  17|0x0000000083100000, 0x00000000831f1c90, 0x0000000083200000| 94%| S|CS|TAMS 0x0000000083100000, 0x0000000083100000| Complete 
|  18|0x0000000083200000, 0x0000000083200000, 0x0000000083300000|  0%| F|  |TAMS 0x0000000083200000, 0x0000000083200000| Untracked 
|  19|0x0000000083300000, 0x0000000083300000, 0x0000000083400000|  0%| F|  |TAMS 0x0000000083300000, 0x0000000083300000| Untracked 
|  20|0x0000000083400000, 0x0000000083400000, 0x0000000083500000|  0%| F|  |TAMS 0x0000000083400000, 0x0000000083400000| Untracked 
|  21|0x0000000083500000, 0x0000000083500000, 0x0000000083600000|  0%| F|  |TAMS 0x0000000083500000, 0x0000000083500000| Untracked 
|  22|0x0000000083600000, 0x0000000083600000, 0x0000000083700000|  0%| F|  |TAMS 0x0000000083600000, 0x0000000083600000| Untracked 
|  23|0x0000000083700000, 0x0000000083700000, 0x0000000083800000|  0%| F|  |TAMS 0x0000000083700000, 0x0000000083700000| Untracked 
|  24|0x0000000083800000, 0x0000000083800000, 0x0000000083900000|  0%| F|  |TAMS 0x0000000083800000, 0x0000000083800000| Untracked 
|  25|0x0000000083900000, 0x0000000083900000, 0x0000000083a00000|  0%| F|  |TAMS 0x0000000083900000, 0x0000000083900000| Untracked 
|  26|0x0000000083a00000, 0x0000000083a00000, 0x0000000083b00000|  0%| F|  |TAMS 0x0000000083a00000, 0x0000000083a00000| Untracked 
|  27|0x0000000083b00000, 0x0000000083b00000, 0x0000000083c00000|  0%| F|  |TAMS 0x0000000083b00000, 0x0000000083b00000| Untracked 
|  28|0x0000000083c00000, 0x0000000083c00000, 0x0000000083d00000|  0%| F|  |TAMS 0x0000000083c00000, 0x0000000083c00000| Untracked 
|  29|0x0000000083d00000, 0x0000000083d00000, 0x0000000083e00000|  0%| F|  |TAMS 0x0000000083d00000, 0x0000000083d00000| Untracked 
|  30|0x0000000083e00000, 0x0000000083e00000, 0x0000000083f00000|  0%| F|  |TAMS 0x0000000083e00000, 0x0000000083e00000| Untracked 
|  31|0x0000000083f00000, 0x0000000083f00000, 0x0000000084000000|  0%| F|  |TAMS 0x0000000083f00000, 0x0000000083f00000| Untracked 
|  32|0x0000000084000000, 0x0000000084000000, 0x0000000084100000|  0%| F|  |TAMS 0x0000000084000000, 0x0000000084000000| Untracked 
|  33|0x0000000084100000, 0x0000000084100000, 0x0000000084200000|  0%| F|  |TAMS 0x0000000084100000, 0x0000000084100000| Untracked 
|  34|0x0000000084200000, 0x0000000084200000, 0x0000000084300000|  0%| F|  |TAMS 0x0000000084200000, 0x0000000084200000| Untracked 
|  35|0x0000000084300000, 0x0000000084300000, 0x0000000084400000|  0%| F|  |TAMS 0x0000000084300000, 0x0000000084300000| Untracked 
|  36|0x0000000084400000, 0x0000000084400000, 0x0000000084500000|  0%| F|  |TAMS 0x0000000084400000, 0x0000000084400000| Untracked 
|  37|0x0000000084500000, 0x0000000084500000, 0x0000000084600000|  0%| F|  |TAMS 0x0000000084500000, 0x0000000084500000| Untracked 
|  38|0x0000000084600000, 0x0000000084600000, 0x0000000084700000|  0%| F|  |TAMS 0x0000000084600000, 0x0000000084600000| Untracked 
|  39|0x0000000084700000, 0x0000000084700000, 0x0000000084800000|  0%| F|  |TAMS 0x0000000084700000, 0x0000000084700000| Untracked 
|  40|0x0000000084800000, 0x0000000084800000, 0x0000000084900000|  0%| F|  |TAMS 0x0000000084800000, 0x0000000084800000| Untracked 
|  41|0x0000000084900000, 0x0000000084900000, 0x0000000084a00000|  0%| F|  |TAMS 0x0000000084900000, 0x0000000084900000| Untracked 
|  42|0x0000000084a00000, 0x0000000084a7edc8, 0x0000000084b00000| 49%| E|  |TAMS 0x0000000084a00000, 0x0000000084a00000| Complete 
|  43|0x0000000084b00000, 0x0000000084c00000, 0x0000000084c00000|100%| E|CS|TAMS 0x0000000084b00000, 0x0000000084b00000| Complete 
|  44|0x0000000084c00000, 0x0000000084d00000, 0x0000000084d00000|100%| E|CS|TAMS 0x0000000084c00000, 0x0000000084c00000| Complete 
|  45|0x0000000084d00000, 0x0000000084e00000, 0x0000000084e00000|100%| E|CS|TAMS 0x0000000084d00000, 0x0000000084d00000| Complete 
|  46|0x0000000084e00000, 0x0000000084f00000, 0x0000000084f00000|100%| E|CS|TAMS 0x0000000084e00000, 0x0000000084e00000| Complete 
|  47|0x0000000084f00000, 0x0000000085000000, 0x0000000085000000|100%| E|CS|TAMS 0x0000000084f00000, 0x0000000084f00000| Complete 
|  48|0x0000000085000000, 0x0000000085100000, 0x0000000085100000|100%| E|CS|TAMS 0x0000000085000000, 0x0000000085000000| Complete 
|  49|0x0000000085100000, 0x0000000085200000, 0x0000000085200000|100%| E|CS|TAMS 0x0000000085100000, 0x0000000085100000| Complete 
|  50|0x0000000085200000, 0x0000000085300000, 0x0000000085300000|100%| E|CS|TAMS 0x0000000085200000, 0x0000000085200000| Complete 
|  51|0x0000000085300000, 0x0000000085400000, 0x0000000085400000|100%| E|CS|TAMS 0x0000000085300000, 0x0000000085300000| Complete 
|  52|0x0000000085400000, 0x0000000085500000, 0x0000000085500000|100%| E|CS|TAMS 0x0000000085400000, 0x0000000085400000| Complete 

Card table byte_map: [0x00000129f6900000,0x00000129f6cf0000] _byte_map_base: 0x00000129f64f0000

Marking Bits (Prev, Next): (CMBitMap*) 0x00000129ee134ef8, (CMBitMap*) 0x00000129ee134f38
 Prev Bits: [0x00000129f70e0000, 0x00000129f9060000)
 Next Bits: [0x00000129f9060000, 0x00000129fafe0000)

Polling page: 0x00000129ed8e0000

Metaspace:

Usage:
  Non-class:     11.24 MB capacity,     9.00 MB ( 80%) used,     2.20 MB ( 20%) free+waste,    33.06 KB ( <1%) overhead. 
      Class:      1.44 MB capacity,     1.14 MB ( 79%) used,   300.37 KB ( 20%) free+waste,    15.69 KB (  1%) overhead. 
       Both:     12.68 MB capacity,    10.14 MB ( 80%) used,     2.49 MB ( 20%) free+waste,    48.75 KB ( <1%) overhead. 

Virtual space:
  Non-class space:       12.00 MB reserved,      11.25 MB ( 94%) committed 
      Class space:        1.00 GB reserved,       1.50 MB ( <1%) committed 
             Both:        1.01 GB reserved,      12.75 MB (  1%) committed 

Chunk freelists:
   Non-Class:  1.75 KB
       Class:  3.13 KB
        Both:  4.88 KB

CodeHeap 'non-profiled nmethods': size=120064Kb used=688Kb max_used=688Kb free=119376Kb
 bounds [0x0000012987ac0000, 0x0000012987d30000, 0x000001298f000000]
CodeHeap 'profiled nmethods': size=120000Kb used=4949Kb max_used=4949Kb free=115050Kb
 bounds [0x0000012980590000, 0x0000012980a70000, 0x0000012987ac0000]
CodeHeap 'non-nmethods': size=5696Kb used=1122Kb max_used=1160Kb free=4573Kb
 bounds [0x0000012980000000, 0x0000012980270000, 0x0000012980590000]
 total_blobs=2941 nmethods=2123 adapters=337
 compilation: enabled
              stopped_count=0, restarted_count=0
 full_count=0

Compilation events (10 events):
Event: 1.374 Thread 0x00000129fdc41800 nmethod 2124 0x0000012980a60390 code [0x0000012980a60540, 0x0000012980a606d8]
Event: 1.374 Thread 0x00000129fdc41800 2125       2       com.sun.tools.javac.comp.Flow$AssignAnalyzer::scan (6 bytes)
Event: 1.374 Thread 0x00000129fdc41800 nmethod 2125 0x0000012980a60790 code [0x0000012980a60960, 0x0000012980a60b50]
Event: 1.374 Thread 0x00000129fdc41800 2126       2       com.sun.tools.javac.comp.Flow$AssignAnalyzer::scanExpr (24 bytes)
Event: 1.374 Thread 0x00000129fdc41800 nmethod 2126 0x0000012980a60c90 code [0x0000012980a60e60, 0x0000012980a610c0]
Event: 1.374 Thread 0x00000129fdc41800 2127       2       com.sun.tools.javac.util.Bits::isReset (16 bytes)
Event: 1.375 Thread 0x00000129fdc41800 nmethod 2127 0x0000012980a61210 code [0x0000012980a613c0, 0x0000012980a61558]
Event: 1.375 Thread 0x00000129fdc41800 2130       2       com.sun.tools.javac.code.Lint$AugmentVisitor::augment (64 bytes)
Event: 1.375 Thread 0x00000129fdc41800 nmethod 2130 0x0000012980a61610 code [0x0000012980a61840, 0x0000012980a61e90]
Event: 1.375 Thread 0x00000129fdc41800 2131       2       com.sun.tools.javac.comp.Flow$AssignAnalyzer::scanExprs (33 bytes)

GC Heap History (10 events):
Event: 0.914 GC heap before
{Heap before GC invocations=16 (full 0):
 garbage-first heap   total 15360K, used 8564K [0x0000000082000000, 0x0000000100000000)
  region size 1024K, 3 young (3072K), 1 survivors (1024K)
 Metaspace       used 8777K, capacity 11463K, committed 11648K, reserved 1058816K
  class space    used 1015K, capacity 1316K, committed 1408K, reserved 1048576K
}
Event: 0.916 GC heap after
{Heap after GC invocations=17 (full 0):
 garbage-first heap   total 24576K, used 6858K [0x0000000082000000, 0x0000000100000000)
  region size 1024K, 1 young (1024K), 1 survivors (1024K)
 Metaspace       used 8777K, capacity 11463K, committed 11648K, reserved 1058816K
  class space    used 1015K, capacity 1316K, committed 1408K, reserved 1048576K
}
Event: 0.952 GC heap before
{Heap before GC invocations=17 (full 0):
 garbage-first heap   total 24576K, used 13002K [0x0000000082000000, 0x0000000100000000)
  region size 1024K, 7 young (7168K), 1 survivors (1024K)
 Metaspace       used 8863K, capacity 11546K, committed 11648K, reserved 1058816K
  class space    used 1021K, capacity 1322K, committed 1408K, reserved 1048576K
}
Event: 0.955 GC heap after
{Heap after GC invocations=18 (full 0):
 garbage-first heap   total 24576K, used 7970K [0x0000000082000000, 0x0000000100000000)
  region size 1024K, 1 young (1024K), 1 survivors (1024K)
 Metaspace       used 8863K, capacity 11546K, committed 11648K, reserved 1058816K
  class space    used 1021K, capacity 1322K, committed 1408K, reserved 1048576K
}
Event: 0.984 GC heap before
{Heap before GC invocations=18 (full 0):
 garbage-first heap   total 24576K, used 13090K [0x0000000082000000, 0x0000000100000000)
  region size 1024K, 7 young (7168K), 1 survivors (1024K)
 Metaspace       used 8896K, capacity 11552K, committed 11648K, reserved 1058816K
  class space    used 1023K, capacity 1324K, committed 1408K, reserved 1048576K
}
Event: 0.988 GC heap after
{Heap after GC invocations=19 (full 0):
 garbage-first heap   total 24576K, used 9437K [0x0000000082000000, 0x0000000100000000)
  region size 1024K, 1 young (1024K), 1 survivors (1024K)
 Metaspace       used 8896K, capacity 11552K, committed 11648K, reserved 1058816K
  class space    used 1023K, capacity 1324K, committed 1408K, reserved 1048576K
}
Event: 1.054 GC heap before
{Heap before GC invocations=19 (full 0):
 garbage-first heap   total 24576K, used 13533K [0x0000000082000000, 0x0000000100000000)
  region size 1024K, 6 young (6144K), 1 survivors (1024K)
 Metaspace       used 9332K, capacity 12024K, committed 12160K, reserved 1060864K
  class space    used 1066K, capacity 1374K, committed 1408K, reserved 1048576K
}
Event: 1.058 GC heap after
{Heap after GC invocations=20 (full 0):
 garbage-first heap   total 24576K, used 10401K [0x0000000082000000, 0x0000000100000000)
  region size 1024K, 1 young (1024K), 1 survivors (1024K)
 Metaspace       used 9332K, capacity 12024K, committed 12160K, reserved 1060864K
  class space    used 1066K, capacity 1374K, committed 1408K, reserved 1048576K
}
Event: 1.138 GC heap before
{Heap before GC invocations=20 (full 0):
 garbage-first heap   total 24576K, used 16545K [0x0000000082000000, 0x0000000100000000)
  region size 1024K, 6 young (6144K), 1 survivors (1024K)
 Metaspace       used 9728K, capacity 12331K, committed 12544K, reserved 1060864K
  class space    used 1118K, capacity 1434K, committed 1536K, reserved 1048576K
}
Event: 1.142 GC heap after
{Heap after GC invocations=21 (full 0):
 garbage-first heap   total 54272K, used 12418K [0x0000000082000000, 0x0000000100000000)
  region size 1024K, 1 young (1024K), 1 survivors (1024K)
 Metaspace       used 9728K, capacity 12331K, committed 12544K, reserved 1060864K
  class space    used 1118K, capacity 1434K, committed 1536K, reserved 1048576K
}

Deoptimization events (10 events):
Event: 0.751 Thread 0x00000129ebffe000 Uncommon trap: reason=class_check action=maybe_recompile pc=0x0000012987affc8c method=java.util.HashMap.putVal(ILjava/lang/Object;Ljava/lang/Object;ZZ)Ljava/lang/Object; @ 203 c2
Event: 0.775 Thread 0x00000129ebffe000 Uncommon trap: reason=profile_predicate action=maybe_recompile pc=0x0000012987b0ae0c method=jdk.nio.zipfs.ZipPath.getResolved()[B @ 8 c2
Event: 0.775 Thread 0x00000129ebffe000 Uncommon trap: reason=profile_predicate action=maybe_recompile pc=0x0000012987b0ae0c method=jdk.nio.zipfs.ZipPath.getResolved()[B @ 8 c2
Event: 0.775 Thread 0x00000129ebffe000 Uncommon trap: reason=profile_predicate action=maybe_recompile pc=0x0000012987b0ae0c method=jdk.nio.zipfs.ZipPath.getResolved()[B @ 8 c2
Event: 0.775 Thread 0x00000129ebffe000 Uncommon trap: reason=profile_predicate action=maybe_recompile pc=0x0000012987b0ae0c method=jdk.nio.zipfs.ZipPath.getResolved()[B @ 8 c2
Event: 0.780 Thread 0x00000129ebffe000 Uncommon trap: reason=unstable_if action=reinterpret pc=0x0000012987b05c74 method=java.util.Arrays.hashCode([B)I @ 1 c2
Event: 0.787 Thread 0x00000129ebffe000 Uncommon trap: reason=class_check action=maybe_recompile pc=0x0000012987affc8c method=java.util.HashMap.putVal(ILjava/lang/Object;Ljava/lang/Object;ZZ)Ljava/lang/Object; @ 203 c2
Event: 0.809 Thread 0x00000129ebffe000 Uncommon trap: reason=class_check action=maybe_recompile pc=0x0000012987b01b04 method=java.util.HashMap.getNode(ILjava/lang/Object;)Ljava/util/HashMap$Node; @ 126 c2
Event: 1.157 Thread 0x00000129ebffe000 Uncommon trap: reason=unstable_if action=reinterpret pc=0x0000012987b103e4 method=java.util.LinkedHashMap.afterNodeInsertion(Z)V @ 1 c2
Event: 1.345 Thread 0x00000129ebffe000 Uncommon trap: reason=unstable_if action=reinterpret pc=0x0000012987b0a1ac method=java.util.HashMap.getNode(ILjava/lang/Object;)Ljava/util/HashMap$Node; @ 129 c2

Classes redefined (0 events):
No events

Internal exceptions (10 events):
Event: 1.128 Thread 0x00000129ebffe000 Exception <a 'sun/nio/fs/WindowsException'{0x00000000835c25a0}> (0x00000000835c25a0) thrown at [t:/workspace/open/src/hotspot/share/prims/jni.cpp, line 615]
Event: 1.128 Thread 0x00000129ebffe000 Exception <a 'sun/nio/fs/WindowsException'{0x00000000835c44d0}> (0x00000000835c44d0) thrown at [t:/workspace/open/src/hotspot/share/prims/jni.cpp, line 615]
Event: 1.128 Thread 0x00000129ebffe000 Exception <a 'sun/nio/fs/WindowsException'{0x00000000835c47f8}> (0x00000000835c47f8) thrown at [t:/workspace/open/src/hotspot/share/prims/jni.cpp, line 615]
Event: 1.128 Thread 0x00000129ebffe000 Exception <a 'sun/nio/fs/WindowsException'{0x00000000835c5dc8}> (0x00000000835c5dc8) thrown at [t:/workspace/open/src/hotspot/share/prims/jni.cpp, line 615]
Event: 1.128 Thread 0x00000129ebffe000 Exception <a 'sun/nio/fs/WindowsException'{0x00000000835c60e8}> (0x00000000835c60e8) thrown at [t:/workspace/open/src/hotspot/share/prims/jni.cpp, line 615]
Event: 1.128 Thread 0x00000129ebffe000 Exception <a 'sun/nio/fs/WindowsException'{0x00000000835c7e38}> (0x00000000835c7e38) thrown at [t:/workspace/open/src/hotspot/share/prims/jni.cpp, line 615]
Event: 1.128 Thread 0x00000129ebffe000 Exception <a 'sun/nio/fs/WindowsException'{0x00000000835c8198}> (0x00000000835c8198) thrown at [t:/workspace/open/src/hotspot/share/prims/jni.cpp, line 615]
Event: 1.129 Thread 0x00000129ebffe000 Exception <a 'sun/nio/fs/WindowsException'{0x00000000835caf38}> (0x00000000835caf38) thrown at [t:/workspace/open/src/hotspot/share/prims/jni.cpp, line 615]
Event: 1.129 Thread 0x00000129ebffe000 Exception <a 'sun/nio/fs/WindowsException'{0x00000000835cb288}> (0x00000000835cb288) thrown at [t:/workspace/open/src/hotspot/share/prims/jni.cpp, line 615]
Event: 1.145 Thread 0x00000129ebffe000 Exception <a 'java/lang/NoSuchMethodError'{0x000000008540d148}: java.lang.invoke.DirectMethodHandle$Holder.invokeVirtual(Ljava/lang/Object;Ljava/lang/Object;)V> (0x000000008540d148) thrown at [t:/workspace/open/src/hotspot/share/interpreter/linkResolver.c

Events (10 events):
Event: 1.350 loading class com/sun/tools/javac/util/Filter
Event: 1.350 loading class com/sun/tools/javac/util/Filter done
Event: 1.355 loading class com/sun/tools/javac/code/Type
Event: 1.355 loading class com/sun/tools/javac/code/Type done
Event: 1.355 loading class com/sun/tools/javac/code/Types$UniqueType
Event: 1.355 loading class com/sun/tools/javac/code/Types$UniqueType done
Event: 1.355 loading class com/sun/tools/javac/code/Symtab
Event: 1.355 loading class com/sun/tools/javac/code/Symtab done
Event: 1.368 Executing VM operation: ICBufferFull
Event: 1.368 Executing VM operation: ICBufferFull done


Dynamic libraries:
0x00007ff612f00000 - 0x00007ff612f08000 	C:\Program Files\Java\jdk-12.0.2\bin\javac.exe
0x00007ffc3e790000 - 0x00007ffc3e986000 	C:\Windows\SYSTEM32\ntdll.dll
0x00007ffc3d3d0000 - 0x00007ffc3d48d000 	C:\Windows\System32\KERNEL32.DLL
0x00007ffc3bf20000 - 0x00007ffc3c1e9000 	C:\Windows\System32\KERNELBASE.dll
0x00007ffc3c1f0000 - 0x00007ffc3c2f0000 	C:\Windows\System32\ucrtbase.dll
0x00007ffc348c0000 - 0x00007ffc348d6000 	C:\Program Files\Java\jdk-12.0.2\bin\VCRUNTIME140.dll
0x00007ffc349b0000 - 0x00007ffc349c8000 	C:\Program Files\Java\jdk-12.0.2\bin\jli.dll
0x00007ffc3ca20000 - 0x00007ffc3cacc000 	C:\Windows\System32\ADVAPI32.dll
0x00007ffc3c980000 - 0x00007ffc3ca1e000 	C:\Windows\System32\msvcrt.dll
0x00007ffc3c870000 - 0x00007ffc3c90c000 	C:\Windows\System32\sechost.dll
0x00007ffc3d240000 - 0x00007ffc3d36b000 	C:\Windows\System32\RPCRT4.dll
0x00007ffc3dbd0000 - 0x00007ffc3dd70000 	C:\Windows\System32\USER32.dll
0x00007ffc3c380000 - 0x00007ffc3c3a2000 	C:\Windows\System32\win32u.dll
0x00007ffc3ddd0000 - 0x00007ffc3ddfa000 	C:\Windows\System32\GDI32.dll
0x00007ffc3c3b0000 - 0x00007ffc3c4bb000 	C:\Windows\System32\gdi32full.dll
0x00007ffc3c750000 - 0x00007ffc3c7ed000 	C:\Windows\System32\msvcp_win.dll
0x00007ffc29390000 - 0x00007ffc2962b000 	C:\Windows\WinSxS\amd64_microsoft.windows.common-controls_6595b64144ccf1df_6.0.19041.746_none_ca02b4b61b8320a4\COMCTL32.dll
0x00007ffc37150000 - 0x00007ffc3715a000 	C:\Windows\SYSTEM32\VERSION.dll
0x00007ffc3c950000 - 0x00007ffc3c980000 	C:\Windows\System32\IMM32.DLL
0x00007ffc15610000 - 0x00007ffc156ba000 	C:\Program Files\Java\jdk-12.0.2\bin\msvcp140.dll
0x00007ffc08bc0000 - 0x00007ffc09737000 	C:\Program Files\Java\jdk-12.0.2\bin\server\jvm.dll
0x00007ffc3c920000 - 0x00007ffc3c928000 	C:\Windows\System32\PSAPI.DLL
0x00007ffc377e0000 - 0x00007ffc377e9000 	C:\Windows\SYSTEM32\WSOCK32.dll
0x00007ffc3e550000 - 0x00007ffc3e5bb000 	C:\Windows\System32\WS2_32.dll
0x00007ffc21a20000 - 0x00007ffc21a47000 	C:\Windows\SYSTEM32\WINMM.dll
0x00007ffc39e40000 - 0x00007ffc39e52000 	C:\Windows\SYSTEM32\kernel.appcore.dll
0x00007ffc2f5b0000 - 0x00007ffc2f5c1000 	C:\Program Files\Java\jdk-12.0.2\bin\verify.dll
0x00007ffc2a390000 - 0x00007ffc2a574000 	C:\Windows\SYSTEM32\DBGHELP.DLL
0x00007ffc2a640000 - 0x00007ffc2a66c000 	C:\Windows\SYSTEM32\dbgcore.DLL
0x00007ffc3c4c0000 - 0x00007ffc3c540000 	C:\Windows\System32\bcryptPrimitives.dll
0x00007ffc2f5d0000 - 0x00007ffc2f5f6000 	C:\Program Files\Java\jdk-12.0.2\bin\java.dll
0x00007ffc2f540000 - 0x00007ffc2f557000 	C:\Program Files\Java\jdk-12.0.2\bin\zip.dll
0x00007ffc37370000 - 0x00007ffc3737a000 	C:\Program Files\Java\jdk-12.0.2\bin\jimage.dll
0x00007ffc3de00000 - 0x00007ffc3e542000 	C:\Windows\System32\SHELL32.dll
0x00007ffc3a040000 - 0x00007ffc3a7d0000 	C:\Windows\SYSTEM32\windows.storage.dll
0x00007ffc3cb60000 - 0x00007ffc3ceb6000 	C:\Windows\System32\combase.dll
0x00007ffc3b860000 - 0x00007ffc3b88c000 	C:\Windows\SYSTEM32\Wldp.dll
0x00007ffc3d070000 - 0x00007ffc3d11e000 	C:\Windows\System32\SHCORE.dll
0x00007ffc3e5c0000 - 0x00007ffc3e615000 	C:\Windows\System32\shlwapi.dll
0x00007ffc3be00000 - 0x00007ffc3be26000 	C:\Windows\SYSTEM32\profapi.dll
0x00007ffc2f4e0000 - 0x00007ffc2f4f9000 	C:\Program Files\Java\jdk-12.0.2\bin\net.dll
0x00007ffc33300000 - 0x00007ffc33400000 	C:\Windows\SYSTEM32\WINHTTP.dll
0x00007ffc31450000 - 0x00007ffc3163e000 	C:\Windows\SYSTEM32\urlmon.dll
0x00007ffc335d0000 - 0x00007ffc33880000 	C:\Windows\SYSTEM32\iertutil.dll
0x00007ffc3b5e0000 - 0x00007ffc3b64a000 	C:\Windows\system32\mswsock.dll
0x00007ffc29800000 - 0x00007ffc29813000 	C:\Program Files\Java\jdk-12.0.2\bin\nio.dll

dbghelp: loaded successfully - version: 4.0.5 - missing functions: none
symbol engine: initialized successfully - sym options: 0x614 - pdb path: .;C:\Program Files\Java\jdk-12.0.2\bin;C:\Windows\SYSTEM32;C:\Windows\WinSxS\amd64_microsoft.windows.common-controls_6595b64144ccf1df_6.0.19041.746_none_ca02b4b61b8320a4;C:\Program Files\Java\jdk-12.0.2\bin\server

VM Arguments:
jvm_args: -Dapplication.home=C:\Program Files\Java\jdk-12.0.2 --add-modules=ALL-DEFAULT -Xms8m -Djdk.module.main=jdk.compiler 
java_command: jdk.compiler/com.sun.tools.javac.Main -d C:\Users\USER C\Documents\NetBeansProjects\SDProject\build\classes -classpath C:\Users\USER C\Documents\NetBeansProjects\SDProject\build\classes;C:\netbeans\java\modules\ext\AbsoluteLayout.jar;C:\Users\USER C\Documents\NetBeansProjects\mysql-connector-java-8.0.23\mysql-connector-java-8.0.23.jar;C:\Users\USER C\Documents\NetBeansProjects\rs2xml.jar;C:\Users\USER C\Documents\NetBeansProjects\jcalender\lib\jcalendar-1.4.jar -sourcepath C:\Users\USER C\Documents\NetBeansProjects\SDProject\build\empty -target 12 -encoding UTF-8 -g -processorpath C:\netbeans\java\modules\ext\AbsoluteLayout.jar;C:\Users\USER C\Documents\NetBeansProjects\mysql-connector-java-8.0.23\mysql-connector-java-8.0.23.jar;C:\Users\USER C\Documents\NetBeansProjects\rs2xml.jar;C:\Users\USER C\Documents\NetBeansProjects\jcalender\lib\jcalendar-1.4.jar;C:\Users\USER C\Documents\NetBeansProjects\SDProject\build\empty -s C:\Users\USER C\Documents\NetBeansProjects\SDProject\build\generated-sources\ap-source-output -source 12 C:\Users\USER C\Documents\NetBeansProjects\SDProject\src\MyProject\RootSelection.java
java_class_path (initial): <not set>
Launcher Type: SUN_STANDARD

[Global flags]
     intx CICompilerCount                          = 3                                         {product} {ergonomic}
     uint ConcGCThreads                            = 1                                         {product} {ergonomic}
     uint G1ConcRefinementThreads                  = 4                                         {product} {ergonomic}
   size_t G1HeapRegionSize                         = 1048576                                   {product} {ergonomic}
    uintx GCDrainStackTargetSize                   = 64                                        {product} {ergonomic}
   size_t InitialHeapSize                          = 8388608                                   {product} {command line}
   size_t MarkStackSize                            = 4194304                                   {product} {ergonomic}
   size_t MaxHeapSize                              = 2113929216                                {product} {ergonomic}
   size_t MaxNewSize                               = 1267728384                                {product} {ergonomic}
   size_t MinHeapDeltaBytes                        = 1048576                                   {product} {ergonomic}
    uintx NonNMethodCodeHeapSize                   = 5830732                                {pd product} {ergonomic}
    uintx NonProfiledCodeHeapSize                  = 122913754                              {pd product} {ergonomic}
    uintx ProfiledCodeHeapSize                     = 122913754                              {pd product} {ergonomic}
    uintx ReservedCodeCacheSize                    = 251658240                              {pd product} {ergonomic}
     bool SegmentedCodeCache                       = true                                      {product} {ergonomic}
     bool UseCompressedClassPointers               = true                                 {lp64_product} {ergonomic}
     bool UseCompressedOops                        = true                                 {lp64_product} {ergonomic}
     bool UseG1GC                                  = true                                      {product} {ergonomic}
     bool UseLargePagesIndividualAllocation        = false                                  {pd product} {ergonomic}

Logging:
Log output configuration:
 #0: stdout all=warning uptime,level,tags
 #1: stderr all=off uptime,level,tags

Environment Variables:
JAVA_HOME=C:\Program Files\Java\jdk-12.0.2
PATH=C:\Windows\system32;C:\Windows;C:\Windows\System32\Wbem;C:\Windows\System32\WindowsPowerShell\v1.0\;C:\Windows\System32\OpenSSH\;C:\Program Files (x86)\CodeBlocks\MinGW\bin;C:\Program Files (x86)\CodeBlocks\MinGW;C:\Program Files\Java\jdk-12.0.2\bin;C:\Users\USER C\AppData\Local\Microsoft\WindowsApps;
USERNAME=USER C
OS=Windows_NT
PROCESSOR_IDENTIFIER=Intel64 Family 6 Model 94 Stepping 3, GenuineIntel



---------------  S Y S T E M  ---------------

OS: Windows 10 , 64 bit Build 19041 (10.0.19041.804)

CPU:total 4 (initial active 4) (4 cores per cpu, 1 threads per core) family 6 model 94 stepping 3, cmov, cx8, fxsr, mmx, sse, sse2, sse3, ssse3, sse4.1, sse4.2, popcnt, avx, avx2, aes, clmul, erms, 3dnowpref, lzcnt, tsc, tscinvbit, bmi1, bmi2, adx, fma

Memory: 4k page, system-wide physical 8057M (4496M free)
TotalPageFile size 9337M (AvailPageFile size 5503M)
current process WorkingSet (physical memory assigned to process): 126M, peak: 128M
current process commit charge ("private bytes"): 170M, peak: 173M

vm_info: Java HotSpot(TM) 64-Bit Server VM (12.0.2+10) for windows-amd64 JRE (12.0.2+10), built on Jul 16 2019 01:56:17 by "mach5one" with MS VC++ 15.5 (VS2017)

END.
